[2014/10/20 11:57:26] Start running calker_load_traindata(trecvidmed14, trecvidmed14-video-bg, 
[2014/10/20 11:57:34] Start running calker_load_traindata(trecvidmed14, trecvidmed14-video-bg, 
[2014/10/20 11:58:09] Feature contains NaN [/net/per610a/export/das11f/plsang/trecvidmed14/feature/video-bg/idensetraj.hoghofmbh.cb256.fc.pca/LDC2011E41/MED11EvaluationData/video/MED11TEST/HVC492523.mat]
[2014/10/20 11:58:28] Finish running calker_load_traindata(trecvidmed14, trecvidmed14-video-bg, 00:01:01). Elapsed time: 
[2014/10/20 11:58:40] Feature contains NaN [/net/per610a/export/das11f/plsang/trecvidmed14/feature/video-bg/idensetraj.hoghofmbh.cb256.fc.pca/LDC2011E41/MED11EvaluationData/video/MED11TEST/HVC492523.mat]
[2014/10/20 11:58:52] Finish running calker_load_traindata(trecvidmed14, trecvidmed14-video-bg, 00:01:18). Elapsed time: 
[2014/10/20 12:01:53] Start running calker_load_traindata(trecvidmed14, trecvidmed14-video-bg, 
[2014/10/20 12:02:19] Start running calker_load_traindata(trecvidmed14, trecvidmed14-video-bg, 
[2014/10/20 12:03:16] Feature contains NaN [/net/per610a/export/das11f/plsang/trecvidmed14/feature/video-bg/idensetraj.hoghofmbh.cb256.fc.pca/LDC2011E41/MED11EvaluationData/video/MED11TEST/HVC492523.mat]
[2014/10/20 12:03:22] Feature contains NaN [/net/per610a/export/das11f/plsang/trecvidmed14/feature/video-bg/idensetraj.hoghofmbh.cb256.fc.pca/LDC2011E41/MED11EvaluationData/video/MED11TEST/HVC492523.mat]
[2014/10/20 12:03:34] Finish running calker_load_traindata(trecvidmed14, trecvidmed14-video-bg, 00:01:15). Elapsed time: 
[2014/10/20 12:03:44] Finish running calker_load_traindata(trecvidmed14, trecvidmed14-video-bg, 00:01:50). Elapsed time: 
[2014/10/20 15:20:14] Start running calker_load_traindata(trecvidmed14, trecvidmed14-video-bg, 
[2014/10/20 15:20:47] Start running calker_load_traindata(trecvidmed14, trecvidmed14-video-bg, 
[2014/10/20 15:22:51] Start running calker_load_traindata(trecvidmed14, trecvidmed14-video-bg, 
[2014/10/20 15:23:35] Feature contains NaN [/net/per610a/export/das11f/plsang/trecvidmed14/feature/video-bg/idensetraj.hoghofmbh.cb256.fc.pca/LDC2011E41/MED11EvaluationData/video/MED11TEST/HVC492523.mat]
[2014/10/20 15:24:12] Start running calker_load_traindata(trecvidmed14, trecvidmed14-video-bg, 
[2014/10/20 15:25:28] Start running calker_load_traindata(trecvidmed14, trecvidmed14-video-bg, 
[2014/10/20 15:26:07] Feature contains NaN [/net/per610a/export/das11f/plsang/trecvidmed14/feature/video-bg/idensetraj.hoghofmbh.cb256.fc.pca/LDC2011E41/MED11EvaluationData/video/MED11TEST/HVC492523.mat]
[2014/10/20 15:26:13] Finish running calker_load_traindata(trecvidmed14, trecvidmed14-video-bg, 00:00:44). Elapsed time: 
[2014/10/20 15:26:30] Start running calker_load_traindata(trecvidmed14, trecvidmed14-video-bg, 
[2014/10/20 15:27:07] Feature contains NaN [/net/per610a/export/das11f/plsang/trecvidmed14/feature/video-bg/idensetraj.hoghofmbh.cb256.fc.pca/LDC2011E41/MED11EvaluationData/video/MED11TEST/HVC492523.mat]
[2014/10/20 15:27:12] Finish running calker_load_traindata(trecvidmed14, trecvidmed14-video-bg, 00:00:42). Elapsed time: 
[2014/10/20 18:12:32] Start running calker_load_traindata(trecvidmed14, trecvidmed14-video-bg, 
[2014/10/20 18:14:43] Start running calker_load_traindata(trecvidmed14, trecvidmed14-video-bg, 
[2014/10/20 18:15:19] Feature contains NaN [/net/per610a/export/das11f/plsang/trecvidmed14/feature/video-bg/idensetraj.hoghofmbh.cb256.fc.pca/LDC2011E41/MED11EvaluationData/video/MED11TEST/HVC492523.mat]
[2014/10/20 18:15:26] Finish running calker_load_traindata(trecvidmed14, trecvidmed14-video-bg, 00:00:43). Elapsed time: 
[2014/10/20 18:21:58] Start running calker_load_traindata(trecvidmed14, trecvidmed14-video-bg, 
[2014/10/20 18:22:37] Feature contains NaN [/net/per610a/export/das11f/plsang/trecvidmed14/feature/video-bg/idensetraj.hoghofmbh.cb256.fc.pca/LDC2011E41/MED11EvaluationData/video/MED11TEST/HVC492523.mat]
[2014/10/20 18:22:43] Finish running calker_load_traindata(trecvidmed14, trecvidmed14-video-bg, 00:00:44). Elapsed time: 
[2014/10/20 19:02:41] Start running calker_load_traindata(trecvidmed14, trecvidmed14-video-bg, 
[2014/10/20 19:03:19] Feature contains NaN [/net/per610a/export/das11f/plsang/trecvidmed14/feature/video-bg/idensetraj.hoghofmbh.cb256.fc.pca/LDC2011E41/MED11EvaluationData/video/MED11TEST/HVC492523.mat]
[2014/10/20 19:03:27] Finish running calker_load_traindata(trecvidmed14, trecvidmed14-video-bg, 00:00:46). Elapsed time: 
[2015/03/19 15:54:00] Start running calker_load_traindata(trecvidmed14, trecvidmed14-eduardo.idensetraj, 
[2015/03/19 15:54:17] File [/net/per610a/export/das11f/plsang/trecvidmed14/feature/eduardo.idensetraj/idensetraj.hoghofmbh.cb256.fc.pca128.edu.v1/LDC2011E41/MED11EvaluationData/video/MED11TEST/HVC049461.mat] does not exist!

[2015/03/19 15:54:17] File [/net/per610a/export/das11f/plsang/trecvidmed14/feature/eduardo.idensetraj/idensetraj.hoghofmbh.cb256.fc.pca128.edu.v1/LDC2012E01/events/E021/HVC111858.mat] does not exist!

[2015/03/19 15:54:20] Feature contains NaN [/net/per610a/export/das11f/plsang/trecvidmed14/feature/eduardo.idensetraj/idensetraj.hoghofmbh.cb256.fc.pca128.edu.v1/LDC2011E41/MED11EvaluationData/video/MED11TEST/HVC046875.mat]
[2015/03/19 15:54:22] File [/net/per610a/export/das11f/plsang/trecvidmed14/feature/eduardo.idensetraj/idensetraj.hoghofmbh.cb256.fc.pca128.edu.v1/LDC2012E01/events/E022/HVC103036.mat] does not exist!

[2015/03/19 15:54:22] Feature contains NaN [/net/per610a/export/das11f/plsang/trecvidmed14/feature/eduardo.idensetraj/idensetraj.hoghofmbh.cb256.fc.pca128.edu.v1/LDC2012E01/events/E022/HVC233712.mat]
[2015/03/19 15:54:23] Feature contains NaN [/net/per610a/export/das11f/plsang/trecvidmed14/feature/eduardo.idensetraj/idensetraj.hoghofmbh.cb256.fc.pca128.edu.v1/LDC2011E41/MED11EvaluationData/video/MED11TEST/HVC043388.mat]
[2015/03/19 15:54:25] File [/net/per610a/export/das11f/plsang/trecvidmed14/feature/eduardo.idensetraj/idensetraj.hoghofmbh.cb256.fc.pca128.edu.v1/LDC2012E01/events/E029/HVC232514.mat] does not exist!

[2015/03/19 15:54:28] Feature contains NaN [/net/per610a/export/das11f/plsang/trecvidmed14/feature/eduardo.idensetraj/idensetraj.hoghofmbh.cb256.fc.pca128.edu.v1/LDC2011E41/MED11EvaluationData/video/MED11TEST/HVC095789.mat]
[2015/03/19 15:54:29] Feature contains NaN [/net/per610a/export/das11f/plsang/trecvidmed14/feature/eduardo.idensetraj/idensetraj.hoghofmbh.cb256.fc.pca128.edu.v1/LDC2011E41/MED11EvaluationData/video/MED11TEST/HVC094677.mat]
[2015/03/19 15:54:30] File [/net/per610a/export/das11f/plsang/trecvidmed14/feature/eduardo.idensetraj/idensetraj.hoghofmbh.cb256.fc.pca128.edu.v1/LDC2012E01/events/E024/HVC037316.mat] does not exist!

[2015/03/19 15:54:30] Feature contains NaN [/net/per610a/export/das11f/plsang/trecvidmed14/feature/eduardo.idensetraj/idensetraj.hoghofmbh.cb256.fc.pca128.edu.v1/LDC2011E41/MED11EvaluationData/video/MED11TEST/HVC259324.mat]
[2015/03/19 15:54:30] Feature contains NaN [/net/per610a/export/das11f/plsang/trecvidmed14/feature/eduardo.idensetraj/idensetraj.hoghofmbh.cb256.fc.pca128.edu.v1/LDC2011E41/MED11EvaluationData/video/MED11TEST/HVC165610.mat]
[2015/03/19 15:54:30] File [/net/per610a/export/das11f/plsang/trecvidmed14/feature/eduardo.idensetraj/idensetraj.hoghofmbh.cb256.fc.pca128.edu.v1/LDC2012E01/events/E023/HVC228869.mat] does not exist!

[2015/03/19 15:54:31] File [/net/per610a/export/das11f/plsang/trecvidmed14/feature/eduardo.idensetraj/idensetraj.hoghofmbh.cb256.fc.pca128.edu.v1/LDC2012E01/events/E023/HVC228378.mat] does not exist!

[2015/03/19 15:54:31] File [/net/per610a/export/das11f/plsang/trecvidmed14/feature/eduardo.idensetraj/idensetraj.hoghofmbh.cb256.fc.pca128.edu.v1/LDC2012E01/events/E022/HVC227431.mat] does not exist!

[2015/03/19 15:54:32] Feature contains NaN [/net/per610a/export/das11f/plsang/trecvidmed14/feature/eduardo.idensetraj/idensetraj.hoghofmbh.cb256.fc.pca128.edu.v1/LDC2011E41/MED11EvaluationData/video/MED11TEST/HVC091345.mat]
[2015/03/19 15:54:32] File [/net/per610a/export/das11f/plsang/trecvidmed14/feature/eduardo.idensetraj/idensetraj.hoghofmbh.cb256.fc.pca128.edu.v1/LDC2012E01/events/E027/HVC226479.mat] does not exist!

[2015/03/19 15:54:33] Feature contains NaN [/net/per610a/export/das11f/plsang/trecvidmed14/feature/eduardo.idensetraj/idensetraj.hoghofmbh.cb256.fc.pca128.edu.v1/LDC2011E41/MED11EvaluationData/video/MED11TEST/HVC033709.mat]
[2015/03/19 15:54:33] File [/net/per610a/export/das11f/plsang/trecvidmed14/feature/eduardo.idensetraj/idensetraj.hoghofmbh.cb256.fc.pca128.edu.v1/LDC2012E01/events/E021/HVC225216.mat] does not exist!

[2015/03/19 15:54:34] File [/net/per610a/export/das11f/plsang/trecvidmed14/feature/eduardo.idensetraj/idensetraj.hoghofmbh.cb256.fc.pca128.edu.v1/LDC2012E01/events/E021/HVC225054.mat] does not exist!

[2015/03/19 15:54:35] Feature contains NaN [/net/per610a/export/das11f/plsang/trecvidmed14/feature/eduardo.idensetraj/idensetraj.hoghofmbh.cb256.fc.pca128.edu.v1/LDC2011E41/MED11EvaluationData/video/MED11TEST/HVC032609.mat]
[2015/03/19 15:54:35] File [/net/per610a/export/das11f/plsang/trecvidmed14/feature/eduardo.idensetraj/idensetraj.hoghofmbh.cb256.fc.pca128.edu.v1/LDC2011E41/MED11EvaluationData/video/MED11TEST/HVC031863.mat] does not exist!

[2015/03/19 15:54:36] File [/net/per610a/export/das11f/plsang/trecvidmed14/feature/eduardo.idensetraj/idensetraj.hoghofmbh.cb256.fc.pca128.edu.v1/LDC2012E01/events/E029/HVC160843.mat] does not exist!

[2015/03/19 15:54:37] File [/net/per610a/export/das11f/plsang/trecvidmed14/feature/eduardo.idensetraj/idensetraj.hoghofmbh.cb256.fc.pca128.edu.v1/LDC2012E01/events/E028/HVC222257.mat] does not exist!

[2015/03/19 15:54:38] File [/net/per610a/export/das11f/plsang/trecvidmed14/feature/eduardo.idensetraj/idensetraj.hoghofmbh.cb256.fc.pca128.edu.v1/LDC2012E01/events/E026/HVC085775.mat] does not exist!

[2015/03/19 15:54:39] Feature contains NaN [/net/per610a/export/das11f/plsang/trecvidmed14/feature/eduardo.idensetraj/idensetraj.hoghofmbh.cb256.fc.pca128.edu.v1/LDC2011E41/MED11EvaluationData/video/MED11TEST/HVC029250.mat]
[2015/03/19 15:54:40] File [/net/per610a/export/das11f/plsang/trecvidmed14/feature/eduardo.idensetraj/idensetraj.hoghofmbh.cb256.fc.pca128.edu.v1/LDC2012E01/events/E027/HVC252377.mat] does not exist!

[2015/03/19 15:54:40] Feature contains NaN [/net/per610a/export/das11f/plsang/trecvidmed14/feature/eduardo.idensetraj/idensetraj.hoghofmbh.cb256.fc.pca128.edu.v1/LDC2011E41/MED11EvaluationData/video/MED11TEST/HVC217551.mat]
[2015/03/19 15:54:40] File [/net/per610a/export/das11f/plsang/trecvidmed14/feature/eduardo.idensetraj/idensetraj.hoghofmbh.cb256.fc.pca128.edu.v1/LDC2011E41/MED11EvaluationData/video/MED11TEST/HVC082540.mat] does not exist!

[2015/03/19 15:54:40] File [/net/per610a/export/das11f/plsang/trecvidmed14/feature/eduardo.idensetraj/idensetraj.hoghofmbh.cb256.fc.pca128.edu.v1/LDC2012E01/events/E026/HVC082423.mat] does not exist!

[2015/03/19 15:54:43] File [/net/per610a/export/das11f/plsang/trecvidmed14/feature/eduardo.idensetraj/idensetraj.hoghofmbh.cb256.fc.pca128.edu.v1/LDC2012E01/events/E024/HVC214379.mat] does not exist!

[2015/03/19 15:54:43] File [/net/per610a/export/das11f/plsang/trecvidmed14/feature/eduardo.idensetraj/idensetraj.hoghofmbh.cb256.fc.pca128.edu.v1/LDC2011E41/MED11EvaluationData/video/MED11TEST/HVC152154.mat] does not exist!

[2015/03/19 15:54:44] Feature contains NaN [/net/per610a/export/das11f/plsang/trecvidmed14/feature/eduardo.idensetraj/idensetraj.hoghofmbh.cb256.fc.pca128.edu.v1/LDC2011E41/MED11EvaluationData/video/MED11TEST/HVC025241.mat]
[2015/03/19 15:54:44] Feature contains NaN [/net/per610a/export/das11f/plsang/trecvidmed14/feature/eduardo.idensetraj/idensetraj.hoghofmbh.cb256.fc.pca128.edu.v1/LDC2011E41/MED11EvaluationData/video/MED11TEST/HVC249181.mat]
[2015/03/19 15:54:44] Feature contains NaN [/net/per610a/export/das11f/plsang/trecvidmed14/feature/eduardo.idensetraj/idensetraj.hoghofmbh.cb256.fc.pca128.edu.v1/LDC2011E41/MED11EvaluationData/video/MED11TEST/HVC076486.mat]
[2015/03/19 15:54:44] File [/net/per610a/export/das11f/plsang/trecvidmed14/feature/eduardo.idensetraj/idensetraj.hoghofmbh.cb256.fc.pca128.edu.v1/LDC2012E01/events/E021/HVC213503.mat] does not exist!

[2015/03/19 15:54:45] Feature contains NaN [/net/per610a/export/das11f/plsang/trecvidmed14/feature/eduardo.idensetraj/idensetraj.hoghofmbh.cb256.fc.pca128.edu.v1/LDC2011E41/MED11EvaluationData/video/MED11TEST/HVC076122.mat]
[2015/03/19 15:54:45] File [/net/per610a/export/das11f/plsang/trecvidmed14/feature/eduardo.idensetraj/idensetraj.hoghofmbh.cb256.fc.pca128.edu.v1/LDC2012E01/events/E021/HVC213415.mat] does not exist!

[2015/03/19 15:54:46] Feature contains NaN [/net/per610a/export/das11f/plsang/trecvidmed14/feature/eduardo.idensetraj/idensetraj.hoghofmbh.cb256.fc.pca128.edu.v1/LDC2011E41/MED11EvaluationData/video/MED11TEST/HVC247836.mat]
[2015/03/19 15:54:46] File [/net/per610a/export/das11f/plsang/trecvidmed14/feature/eduardo.idensetraj/idensetraj.hoghofmbh.cb256.fc.pca128.edu.v1/LDC2012E01/events/E030/HVC150898.mat] does not exist!

[2015/03/19 15:54:48] File [/net/per610a/export/das11f/plsang/trecvidmed14/feature/eduardo.idensetraj/idensetraj.hoghofmbh.cb256.fc.pca128.edu.v1/LDC2012E01/events/E026/HVC072995.mat] does not exist!

[2015/03/19 15:54:49] Feature contains NaN [/net/per610a/export/das11f/plsang/trecvidmed14/feature/eduardo.idensetraj/idensetraj.hoghofmbh.cb256.fc.pca128.edu.v1/LDC2012E01/events/E024/HVC245753.mat]
[2015/03/19 15:54:49] File [/net/per610a/export/das11f/plsang/trecvidmed14/feature/eduardo.idensetraj/idensetraj.hoghofmbh.cb256.fc.pca128.edu.v1/LDC2012E01/events/E025/HVC210640.mat] does not exist!

[2015/03/19 15:54:49] File [/net/per610a/export/das11f/plsang/trecvidmed14/feature/eduardo.idensetraj/idensetraj.hoghofmbh.cb256.fc.pca128.edu.v1/LDC2012E01/events/E024/HVC210633.mat] does not exist!

[2015/03/19 15:54:49] File [/net/per610a/export/das11f/plsang/trecvidmed14/feature/eduardo.idensetraj/idensetraj.hoghofmbh.cb256.fc.pca128.edu.v1/LDC2012E01/events/E021/HVC147696.mat] does not exist!

[2015/03/19 15:54:49] File [/net/per610a/export/das11f/plsang/trecvidmed14/feature/eduardo.idensetraj/idensetraj.hoghofmbh.cb256.fc.pca128.edu.v1/LDC2012E01/events/E024/HVC245153.mat] does not exist!

[2015/03/19 15:54:49] File [/net/per610a/export/das11f/plsang/trecvidmed14/feature/eduardo.idensetraj/idensetraj.hoghofmbh.cb256.fc.pca128.edu.v1/LDC2012E01/events/E024/HVC245145.mat] does not exist!

[2015/03/19 15:54:50] File [/net/per610a/export/das11f/plsang/trecvidmed14/feature/eduardo.idensetraj/idensetraj.hoghofmbh.cb256.fc.pca128.edu.v1/LDC2012E01/events/E022/HVC071662.mat] does not exist!

[2015/03/19 15:54:51] File [/net/per610a/export/das11f/plsang/trecvidmed14/feature/eduardo.idensetraj/idensetraj.hoghofmbh.cb256.fc.pca128.edu.v1/LDC2012E01/events/E022/HVC244495.mat] does not exist!

[2015/03/19 15:54:52] Feature contains NaN [/net/per610a/export/das11f/plsang/trecvidmed14/feature/eduardo.idensetraj/idensetraj.hoghofmbh.cb256.fc.pca128.edu.v1/LDC2012E01/events/E021/HVC207006.mat]
[2015/03/19 15:55:27] Start running calker_load_traindata(trecvidmed14, trecvidmed14-eduardo.idensetraj, 
[2015/03/19 15:55:40] File [/net/per610a/export/das11f/plsang/trecvidmed14/feature/eduardo.idensetraj/idensetraj.hoghofmbh.cb256.fc.pca128.edu.v1/LDC2011E41/MED11EvaluationData/video/MED11TEST/HVC049461.mat] does not exist!

[2015/03/19 15:55:41] Feature contains NaN [/net/per610a/export/das11f/plsang/trecvidmed14/feature/eduardo.idensetraj/idensetraj.hoghofmbh.cb256.fc.pca128.edu.v1/LDC2011E41/MED11EvaluationData/video/MED11TEST/HVC046875.mat]
[2015/03/19 15:55:41] Feature contains NaN [/net/per610a/export/das11f/plsang/trecvidmed14/feature/eduardo.idensetraj/idensetraj.hoghofmbh.cb256.fc.pca128.edu.v1/LDC2011E41/MED11EvaluationData/video/MED11TEST/HVC043388.mat]
[2015/03/19 15:55:42] File [/net/per610a/export/das11f/plsang/trecvidmed14/feature/eduardo.idensetraj/idensetraj.hoghofmbh.cb256.fc.pca128.edu.v1/LDC2012E01/events/E024/HVC037316.mat] does not exist!

[2015/03/19 15:55:42] File [/net/per610a/export/das11f/plsang/trecvidmed14/feature/eduardo.idensetraj/idensetraj.hoghofmbh.cb256.fc.pca128.edu.v1/LDC2012E01/events/E021/HVC111858.mat] does not exist!

[2015/03/19 15:55:43] Feature contains NaN [/net/per610a/export/das11f/plsang/trecvidmed14/feature/eduardo.idensetraj/idensetraj.hoghofmbh.cb256.fc.pca128.edu.v1/LDC2011E41/MED11EvaluationData/video/MED11TEST/HVC033709.mat]
[2015/03/19 15:55:43] Feature contains NaN [/net/per610a/export/das11f/plsang/trecvidmed14/feature/eduardo.idensetraj/idensetraj.hoghofmbh.cb256.fc.pca128.edu.v1/LDC2011E41/MED11EvaluationData/video/MED11TEST/HVC032609.mat]
[2015/03/19 15:55:43] File [/net/per610a/export/das11f/plsang/trecvidmed14/feature/eduardo.idensetraj/idensetraj.hoghofmbh.cb256.fc.pca128.edu.v1/LDC2011E41/MED11EvaluationData/video/MED11TEST/HVC031863.mat] does not exist!

[2015/03/19 15:55:43] File [/net/per610a/export/das11f/plsang/trecvidmed14/feature/eduardo.idensetraj/idensetraj.hoghofmbh.cb256.fc.pca128.edu.v1/LDC2012E01/events/E022/HVC103036.mat] does not exist!

[2015/03/19 15:55:44] Feature contains NaN [/net/per610a/export/das11f/plsang/trecvidmed14/feature/eduardo.idensetraj/idensetraj.hoghofmbh.cb256.fc.pca128.edu.v1/LDC2011E41/MED11EvaluationData/video/MED11TEST/HVC029250.mat]
[2015/03/19 15:55:44] Feature contains NaN [/net/per610a/export/das11f/plsang/trecvidmed14/feature/eduardo.idensetraj/idensetraj.hoghofmbh.cb256.fc.pca128.edu.v1/LDC2011E41/MED11EvaluationData/video/MED11TEST/HVC095789.mat]
[2015/03/19 15:55:44] Feature contains NaN [/net/per610a/export/das11f/plsang/trecvidmed14/feature/eduardo.idensetraj/idensetraj.hoghofmbh.cb256.fc.pca128.edu.v1/LDC2011E41/MED11EvaluationData/video/MED11TEST/HVC094677.mat]
[2015/03/19 15:55:45] Feature contains NaN [/net/per610a/export/das11f/plsang/trecvidmed14/feature/eduardo.idensetraj/idensetraj.hoghofmbh.cb256.fc.pca128.edu.v1/LDC2011E41/MED11EvaluationData/video/MED11TEST/HVC025241.mat]
[2015/03/19 15:55:45] Feature contains NaN [/net/per610a/export/das11f/plsang/trecvidmed14/feature/eduardo.idensetraj/idensetraj.hoghofmbh.cb256.fc.pca128.edu.v1/LDC2011E41/MED11EvaluationData/video/MED11TEST/HVC091345.mat]
[2015/03/19 15:55:45] File [/net/per610a/export/das11f/plsang/trecvidmed14/feature/eduardo.idensetraj/idensetraj.hoghofmbh.cb256.fc.pca128.edu.v1/LDC2012E01/events/E026/HVC085775.mat] does not exist!

[2015/03/19 15:55:46] File [/net/per610a/export/das11f/plsang/trecvidmed14/feature/eduardo.idensetraj/idensetraj.hoghofmbh.cb256.fc.pca128.edu.v1/LDC2011E41/MED11EvaluationData/video/MED11TEST/HVC082540.mat] does not exist!

[2015/03/19 15:55:46] File [/net/per610a/export/das11f/plsang/trecvidmed14/feature/eduardo.idensetraj/idensetraj.hoghofmbh.cb256.fc.pca128.edu.v1/LDC2012E01/events/E026/HVC082423.mat] does not exist!

[2015/03/19 15:55:46] Feature contains NaN [/net/per610a/export/das11f/plsang/trecvidmed14/feature/eduardo.idensetraj/idensetraj.hoghofmbh.cb256.fc.pca128.edu.v1/LDC2012E01/events/E022/HVC233712.mat]
[2015/03/19 15:55:46] Feature contains NaN [/net/per610a/export/das11f/plsang/trecvidmed14/feature/eduardo.idensetraj/idensetraj.hoghofmbh.cb256.fc.pca128.edu.v1/LDC2011E41/MED11EvaluationData/video/MED11TEST/HVC076486.mat]
[2015/03/19 15:55:46] Feature contains NaN [/net/per610a/export/das11f/plsang/trecvidmed14/feature/eduardo.idensetraj/idensetraj.hoghofmbh.cb256.fc.pca128.edu.v1/LDC2011E41/MED11EvaluationData/video/MED11TEST/HVC076122.mat]
[2015/03/19 15:55:47] File [/net/per610a/export/das11f/plsang/trecvidmed14/feature/eduardo.idensetraj/idensetraj.hoghofmbh.cb256.fc.pca128.edu.v1/LDC2012E01/events/E029/HVC232514.mat] does not exist!

[2015/03/19 15:55:47] Feature contains NaN [/net/per610a/export/das11f/plsang/trecvidmed14/feature/eduardo.idensetraj/idensetraj.hoghofmbh.cb256.fc.pca128.edu.v1/LDC2011E41/MED11EvaluationData/video/MED11TEST/HVC165610.mat]
[2015/03/19 15:55:47] File [/net/per610a/export/das11f/plsang/trecvidmed14/feature/eduardo.idensetraj/idensetraj.hoghofmbh.cb256.fc.pca128.edu.v1/LDC2012E01/events/E026/HVC072995.mat] does not exist!

[2015/03/19 15:55:47] File [/net/per610a/export/das11f/plsang/trecvidmed14/feature/eduardo.idensetraj/idensetraj.hoghofmbh.cb256.fc.pca128.edu.v1/LDC2012E01/events/E022/HVC071662.mat] does not exist!

[2015/03/19 15:55:47] File [/net/per610a/export/das11f/plsang/trecvidmed14/feature/eduardo.idensetraj/idensetraj.hoghofmbh.cb256.fc.pca128.edu.v1/LDC2012E01/events/E023/HVC228869.mat] does not exist!

[2015/03/19 15:55:48] File [/net/per610a/export/das11f/plsang/trecvidmed14/feature/eduardo.idensetraj/idensetraj.hoghofmbh.cb256.fc.pca128.edu.v1/LDC2012E01/events/E023/HVC228378.mat] does not exist!

[2015/03/19 15:55:48] File [/net/per610a/export/das11f/plsang/trecvidmed14/feature/eduardo.idensetraj/idensetraj.hoghofmbh.cb256.fc.pca128.edu.v1/LDC2012E01/events/E029/HVC160843.mat] does not exist!

[2015/03/19 15:55:48] File [/net/per610a/export/das11f/plsang/trecvidmed14/feature/eduardo.idensetraj/idensetraj.hoghofmbh.cb256.fc.pca128.edu.v1/LDC2012E01/events/E022/HVC227431.mat] does not exist!

[2015/03/19 15:55:48] File [/net/per610a/export/das11f/plsang/trecvidmed14/feature/eduardo.idensetraj/idensetraj.hoghofmbh.cb256.fc.pca128.edu.v1/LDC2012E01/events/E027/HVC226479.mat] does not exist!

[2015/03/19 15:55:48] Feature contains NaN [/net/per610a/export/das11f/plsang/trecvidmed14/feature/eduardo.idensetraj/idensetraj.hoghofmbh.cb256.fc.pca128.edu.v1/LDC2011E41/MED11EvaluationData/video/MED11TEST/HVC259324.mat]
[2015/03/19 15:55:49] File [/net/per610a/export/das11f/plsang/trecvidmed14/feature/eduardo.idensetraj/idensetraj.hoghofmbh.cb256.fc.pca128.edu.v1/LDC2012E01/events/E021/HVC225216.mat] does not exist!

[2015/03/19 15:55:49] File [/net/per610a/export/das11f/plsang/trecvidmed14/feature/eduardo.idensetraj/idensetraj.hoghofmbh.cb256.fc.pca128.edu.v1/LDC2012E01/events/E021/HVC225054.mat] does not exist!

[2015/03/19 15:55:49] File [/net/per610a/export/das11f/plsang/trecvidmed14/feature/eduardo.idensetraj/idensetraj.hoghofmbh.cb256.fc.pca128.edu.v1/LDC2011E41/MED11EvaluationData/video/MED11TEST/HVC152154.mat] does not exist!

[2015/03/19 15:55:49] File [/net/per610a/export/das11f/plsang/trecvidmed14/feature/eduardo.idensetraj/idensetraj.hoghofmbh.cb256.fc.pca128.edu.v1/LDC2012E01/events/E028/HVC222257.mat] does not exist!

[2015/03/19 15:55:50] File [/net/per610a/export/das11f/plsang/trecvidmed14/feature/eduardo.idensetraj/idensetraj.hoghofmbh.cb256.fc.pca128.edu.v1/LDC2012E01/events/E030/HVC150898.mat] does not exist!

[2015/03/19 15:55:50] Feature contains NaN [/net/per610a/export/das11f/plsang/trecvidmed14/feature/eduardo.idensetraj/idensetraj.hoghofmbh.cb256.fc.pca128.edu.v1/LDC2011E41/MED11EvaluationData/video/MED11TEST/HVC217551.mat]
[2015/03/19 15:55:51] File [/net/per610a/export/das11f/plsang/trecvidmed14/feature/eduardo.idensetraj/idensetraj.hoghofmbh.cb256.fc.pca128.edu.v1/LDC2012E01/events/E021/HVC147696.mat] does not exist!

[2015/03/19 15:55:51] File [/net/per610a/export/das11f/plsang/trecvidmed14/feature/eduardo.idensetraj/idensetraj.hoghofmbh.cb256.fc.pca128.edu.v1/LDC2012E01/events/E027/HVC252377.mat] does not exist!

[2015/03/19 15:55:51] File [/net/per610a/export/das11f/plsang/trecvidmed14/feature/eduardo.idensetraj/idensetraj.hoghofmbh.cb256.fc.pca128.edu.v1/LDC2012E01/events/E024/HVC214379.mat] does not exist!

[2015/03/19 15:55:52] File [/net/per610a/export/das11f/plsang/trecvidmed14/feature/eduardo.idensetraj/idensetraj.hoghofmbh.cb256.fc.pca128.edu.v1/LDC2012E01/events/E021/HVC213503.mat] does not exist!

[2015/03/19 15:55:52] Feature contains NaN [/net/per610a/export/das11f/plsang/trecvidmed14/feature/eduardo.idensetraj/idensetraj.hoghofmbh.cb256.fc.pca128.edu.v1/LDC2011E41/MED11EvaluationData/video/MED11TEST/HVC010251.mat]
[2015/03/19 15:55:52] File [/net/per610a/export/das11f/plsang/trecvidmed14/feature/eduardo.idensetraj/idensetraj.hoghofmbh.cb256.fc.pca128.edu.v1/LDC2012E01/events/E021/HVC213415.mat] does not exist!

[2015/03/19 15:55:52] Feature contains NaN [/net/per610a/export/das11f/plsang/trecvidmed14/feature/eduardo.idensetraj/idensetraj.hoghofmbh.cb256.fc.pca128.edu.v1/LDC2011E41/MED11EvaluationData/video/MED11TEST/HVC249181.mat]
[2015/03/19 15:55:52] Feature contains NaN [/net/per610a/export/das11f/plsang/trecvidmed14/feature/eduardo.idensetraj/idensetraj.hoghofmbh.cb256.fc.pca128.edu.v1/LDC2011E41/MED11EvaluationData/video/MED11TEST/HVC247836.mat]
[2015/03/19 15:55:53] File [/net/per610a/export/das11f/plsang/trecvidmed14/feature/eduardo.idensetraj/idensetraj.hoghofmbh.cb256.fc.pca128.edu.v1/LDC2012E01/events/E021/HVC143960.mat] does not exist!

[2015/03/19 15:55:53] File [/net/per610a/export/das11f/plsang/trecvidmed14/feature/eduardo.idensetraj/idensetraj.hoghofmbh.cb256.fc.pca128.edu.v1/LDC2012E01/events/E025/HVC210640.mat] does not exist!

[2015/03/19 15:55:53] File [/net/per610a/export/das11f/plsang/trecvidmed14/feature/eduardo.idensetraj/idensetraj.hoghofmbh.cb256.fc.pca128.edu.v1/LDC2012E01/events/E024/HVC210633.mat] does not exist!

[2015/03/19 15:55:53] Feature contains NaN [/net/per610a/export/das11f/plsang/trecvidmed14/feature/eduardo.idensetraj/idensetraj.hoghofmbh.cb256.fc.pca128.edu.v1/LDC2012E01/events/E024/HVC245753.mat]
[2015/03/19 15:55:54] File [/net/per610a/export/das11f/plsang/trecvidmed14/feature/eduardo.idensetraj/idensetraj.hoghofmbh.cb256.fc.pca128.edu.v1/LDC2012E01/events/E024/HVC245153.mat] does not exist!

[2015/03/19 15:55:54] File [/net/per610a/export/das11f/plsang/trecvidmed14/feature/eduardo.idensetraj/idensetraj.hoghofmbh.cb256.fc.pca128.edu.v1/LDC2012E01/events/E024/HVC245145.mat] does not exist!

[2015/03/19 15:55:54] File [/net/per610a/export/das11f/plsang/trecvidmed14/feature/eduardo.idensetraj/idensetraj.hoghofmbh.cb256.fc.pca128.edu.v1/LDC2012E01/events/E021/HVC143391.mat] does not exist!

[2015/03/19 15:55:54] File [/net/per610a/export/das11f/plsang/trecvidmed14/feature/eduardo.idensetraj/idensetraj.hoghofmbh.cb256.fc.pca128.edu.v1/LDC2012E01/events/E022/HVC244495.mat] does not exist!

[2015/03/19 15:55:54] Feature contains NaN [/net/per610a/export/das11f/plsang/trecvidmed14/feature/eduardo.idensetraj/idensetraj.hoghofmbh.cb256.fc.pca128.edu.v1/LDC2012E01/events/E021/HVC207006.mat]
[2015/03/19 15:55:55] File [/net/per610a/export/das11f/plsang/trecvidmed14/feature/eduardo.idensetraj/idensetraj.hoghofmbh.cb256.fc.pca128.edu.v1/LDC2012E01/events/E023/HVC142466.mat] does not exist!

[2015/03/19 15:55:55] File [/net/per610a/export/das11f/plsang/trecvidmed14/feature/eduardo.idensetraj/idensetraj.hoghofmbh.cb256.fc.pca128.edu.v1/LDC2012E01/events/E030/HVC242860.mat] does not exist!

[2015/03/19 15:55:56] Feature contains NaN [/net/per610a/export/das11f/plsang/trecvidmed14/feature/eduardo.idensetraj/idensetraj.hoghofmbh.cb256.fc.pca128.edu.v1/LDC2011E41/MED11EvaluationData/video/MED11TEST/HVC061810.mat]
[2015/03/19 15:55:57] Feature contains NaN [/net/per610a/export/das11f/plsang/trecvidmed14/feature/eduardo.idensetraj/idensetraj.hoghofmbh.cb256.fc.pca128.edu.v1/LDC2011E41/MED11EvaluationData/video/MED11TEST/HVC242050.mat]
[2015/03/19 15:55:58] Feature contains NaN [/net/per610a/export/das11f/plsang/trecvidmed14/feature/eduardo.idensetraj/idensetraj.hoghofmbh.cb256.fc.pca128.edu.v1/LDC2012E01/events/E024/HVC241100.mat]
[2015/03/19 15:55:59] Feature contains NaN [/net/per610a/export/das11f/plsang/trecvidmed14/feature/eduardo.idensetraj/idensetraj.hoghofmbh.cb256.fc.pca128.edu.v1/LDC2011E41/MED11EvaluationData/video/MED11TEST/HVC137611.mat]
[2015/03/19 15:55:59] File [/net/per610a/export/das11f/plsang/trecvidmed14/feature/eduardo.idensetraj/idensetraj.hoghofmbh.cb256.fc.pca128.edu.v1/LDC2012E01/events/E025/HVC202175.mat] does not exist!

[2015/03/19 15:55:59] File [/net/per610a/export/das11f/plsang/trecvidmed14/feature/eduardo.idensetraj/idensetraj.hoghofmbh.cb256.fc.pca128.edu.v1/LDC2012E01/events/E028/HVC202139.mat] does not exist!

[2015/03/19 15:55:59] File [/net/per610a/export/das11f/plsang/trecvidmed14/feature/eduardo.idensetraj/idensetraj.hoghofmbh.cb256.fc.pca128.edu.v1/LDC2012E108/events/E018/HVC202008.mat] does not exist!

[2015/03/19 15:56:00] File [/net/per610a/export/das11f/plsang/trecvidmed14/feature/eduardo.idensetraj/idensetraj.hoghofmbh.cb256.fc.pca128.edu.v1/LDC2012E01/events/E030/HVC136883.mat] does not exist!

[2015/03/19 15:56:01] Feature contains NaN [/net/per610a/export/das11f/plsang/trecvidmed14/feature/eduardo.idensetraj/idensetraj.hoghofmbh.cb256.fc.pca128.edu.v1/LDC2011E41/MED11EvaluationData/video/MED11TEST/HVC058143.mat]
[2015/03/19 15:56:01] File [/net/per610a/export/das11f/plsang/trecvidmed14/feature/eduardo.idensetraj/idensetraj.hoghofmbh.cb256.fc.pca128.edu.v1/LDC2012E01/events/E027/HVC239730.mat] does not exist!

[2015/03/19 15:56:01] File [/net/per610a/export/das11f/plsang/trecvidmed14/feature/eduardo.idensetraj/idensetraj.hoghofmbh.cb256.fc.pca128.edu.v1/LDC2012E01/events/E023/HVC239717.mat] does not exist!

[2015/03/19 15:56:01] File [/net/per610a/export/das11f/plsang/trecvidmed14/feature/eduardo.idensetraj/idensetraj.hoghofmbh.cb256.fc.pca128.edu.v1/LDC2012E108/events/E019/HVC198794.mat] does not exist!

[2015/03/19 15:56:03] File [/net/per610a/export/das11f/plsang/trecvidmed14/feature/eduardo.idensetraj/idensetraj.hoghofmbh.cb256.fc.pca128.edu.v1/LDC2012E108/events/E018/HVC197135.mat] does not exist!

[2015/03/19 15:56:03] File [/net/per610a/export/das11f/plsang/trecvidmed14/feature/eduardo.idensetraj/idensetraj.hoghofmbh.cb256.fc.pca128.edu.v1/LDC2011E41/MED11EvaluationData/video/MED11TEST/HVC195971.mat] does not exist!

[2015/03/19 15:56:04] File [/net/per610a/export/das11f/plsang/trecvidmed14/feature/eduardo.idensetraj/idensetraj.hoghofmbh.cb256.fc.pca128.edu.v1/LDC2012E01/events/E027/HVC194716.mat] does not exist!

[2015/03/19 15:56:05] Feature contains NaN [/net/per610a/export/das11f/plsang/trecvidmed14/feature/eduardo.idensetraj/idensetraj.hoghofmbh.cb256.fc.pca128.edu.v1/LDC2011E41/MED11EvaluationData/video/MED11TEST/HVC055734.mat]
[2015/03/19 15:56:06] Feature contains NaN [/net/per610a/export/das11f/plsang/trecvidmed14/feature/eduardo.idensetraj/idensetraj.hoghofmbh.cb256.fc.pca128.edu.v1/LDC2012E01/events/E025/HVC193187.mat]
[2015/03/19 15:56:10] File [/net/per610a/export/das11f/plsang/trecvidmed14/feature/eduardo.idensetraj/idensetraj.hoghofmbh.cb256.fc.pca128.edu.v1/LDC2012E01/events/E030/HVC187217.mat] does not exist!

[2015/03/19 15:56:10] File [/net/per610a/export/das11f/plsang/trecvidmed14/feature/eduardo.idensetraj/idensetraj.hoghofmbh.cb256.fc.pca128.edu.v1/LDC2012E01/events/E030/HVC052129.mat] does not exist!

[2015/03/19 15:56:11] Feature contains NaN [/net/per610a/export/das11f/plsang/trecvidmed14/feature/eduardo.idensetraj/idensetraj.hoghofmbh.cb256.fc.pca128.edu.v1/LDC2011E41/MED11EvaluationData/video/MED11TEST/HVC052024.mat]
[2015/03/19 15:56:12] Feature contains NaN [/net/per610a/export/das11f/plsang/trecvidmed14/feature/eduardo.idensetraj/idensetraj.hoghofmbh.cb256.fc.pca128.edu.v1/LDC2012E01/events/E028/HVC125812.mat]
[2015/03/19 15:56:12] Feature contains NaN [/net/per610a/export/das11f/plsang/trecvidmed14/feature/eduardo.idensetraj/idensetraj.hoghofmbh.cb256.fc.pca128.edu.v1/LDC2011E41/MED11EvaluationData/video/MED11TEST/HVC124444.mat]
[2015/03/19 15:56:15] Feature contains NaN [/net/per610a/export/das11f/plsang/trecvidmed14/feature/eduardo.idensetraj/idensetraj.hoghofmbh.cb256.fc.pca128.edu.v1/LDC2011E41/MED11EvaluationData/video/MED11TEST/HVC179849.mat]
[2015/03/19 15:56:17] Feature contains NaN [/net/per610a/export/das11f/plsang/trecvidmed14/feature/eduardo.idensetraj/idensetraj.hoghofmbh.cb256.fc.pca128.edu.v1/LDC2011E41/MED11EvaluationData/video/MED11TEST/HVC118725.mat]
[2015/03/19 15:56:20] Feature contains NaN [/net/per610a/export/das11f/plsang/trecvidmed14/feature/eduardo.idensetraj/idensetraj.hoghofmbh.cb256.fc.pca128.edu.v1/LDC2011E41/MED11EvaluationData/video/MED11TEST/HVC317518.mat]
[2015/03/19 15:56:20] File [/net/per610a/export/das11f/plsang/trecvidmed14/feature/eduardo.idensetraj/idensetraj.hoghofmbh.cb256.fc.pca128.edu.v1/LDC2012E01/events/E029/HVC465348.mat] does not exist!

[2015/03/19 15:56:22] File [/net/per610a/export/das11f/plsang/trecvidmed14/feature/eduardo.idensetraj/idensetraj.hoghofmbh.cb256.fc.pca128.edu.v1/LDC2012E01/events/E026/HVC441570.mat] does not exist!

[2015/03/19 15:56:22] Feature contains NaN [/net/per610a/export/das11f/plsang/trecvidmed14/feature/eduardo.idensetraj/idensetraj.hoghofmbh.cb256.fc.pca128.edu.v1/LDC2011E41/MED11EvaluationData/video/MED11TEST/HVC357517.mat]
[2015/03/19 15:56:22] File [/net/per610a/export/das11f/plsang/trecvidmed14/feature/eduardo.idensetraj/idensetraj.hoghofmbh.cb256.fc.pca128.edu.v1/LDC2012E01/events/E026/HVC433448.mat] does not exist!

[2015/03/19 15:56:23] Feature contains NaN [/net/per610a/export/das11f/plsang/trecvidmed14/feature/eduardo.idensetraj/idensetraj.hoghofmbh.cb256.fc.pca128.edu.v1/LDC2011E41/MED11EvaluationData/video/MED11TEST/HVC313799.mat]
[2015/03/19 15:56:24] Feature contains NaN [/net/per610a/export/das11f/plsang/trecvidmed14/feature/eduardo.idensetraj/idensetraj.hoghofmbh.cb256.fc.pca128.edu.v1/LDC2011E41/MED11EvaluationData/video/MED11TEST/HVC511956.mat]
[2015/03/19 15:56:24] Feature contains NaN [/net/per610a/export/das11f/plsang/trecvidmed14/feature/eduardo.idensetraj/idensetraj.hoghofmbh.cb256.fc.pca128.edu.v1/LDC2011E41/MED11EvaluationData/video/MED11TEST/HVC355590.mat]
[2015/03/19 15:56:24] Feature contains NaN [/net/per610a/export/das11f/plsang/trecvidmed14/feature/eduardo.idensetraj/idensetraj.hoghofmbh.cb256.fc.pca128.edu.v1/LDC2011E41/MED11EvaluationData/video/MED11TEST/HVC422508.mat]
[2015/03/19 15:56:29] Feature contains NaN [/net/per610a/export/das11f/plsang/trecvidmed14/feature/eduardo.idensetraj/idensetraj.hoghofmbh.cb256.fc.pca128.edu.v1/LDC2011E41/MED11EvaluationData/video/MED11TEST/HVC281758.mat]
[2015/03/19 15:56:30] File [/net/per610a/export/das11f/plsang/trecvidmed14/feature/eduardo.idensetraj/idensetraj.hoghofmbh.cb256.fc.pca128.edu.v1/LDC2012E01/events/E030/HVC405163.mat] does not exist!

[2015/03/19 15:56:33] File [/net/per610a/export/das11f/plsang/trecvidmed14/feature/eduardo.idensetraj/idensetraj.hoghofmbh.cb256.fc.pca128.edu.v1/LDC2012E01/events/E029/HVC529896.mat] does not exist!

[2015/03/19 15:56:34] Feature contains NaN [/net/per610a/export/das11f/plsang/trecvidmed14/feature/eduardo.idensetraj/idensetraj.hoghofmbh.cb256.fc.pca128.edu.v1/LDC2011E41/MED11EvaluationData/video/MED11TEST/HVC397107.mat]
[2015/03/19 15:56:35] Feature contains NaN [/net/per610a/export/das11f/plsang/trecvidmed14/feature/eduardo.idensetraj/idensetraj.hoghofmbh.cb256.fc.pca128.edu.v1/LDC2011E41/MED11EvaluationData/video/MED11TEST/HVC395306.mat]
[2015/03/19 15:56:35] Feature contains NaN [/net/per610a/export/das11f/plsang/trecvidmed14/feature/eduardo.idensetraj/idensetraj.hoghofmbh.cb256.fc.pca128.edu.v1/LDC2011E41/MED11EvaluationData/video/MED11TEST/HVC277168.mat]
[2015/03/19 15:56:36] File [/net/per610a/export/das11f/plsang/trecvidmed14/feature/eduardo.idensetraj/idensetraj.hoghofmbh.cb256.fc.pca128.edu.v1/LDC2011E41/MED11EvaluationData/video/MED11TEST/HVC276461.mat] does not exist!

[2015/03/19 15:56:37] Feature contains NaN [/net/per610a/export/das11f/plsang/trecvidmed14/feature/eduardo.idensetraj/idensetraj.hoghofmbh.cb256.fc.pca128.edu.v1/LDC2011E41/MED11EvaluationData/video/MED11TEST/HVC392147.mat]
[2015/03/19 15:56:37] File [/net/per610a/export/das11f/plsang/trecvidmed14/feature/eduardo.idensetraj/idensetraj.hoghofmbh.cb256.fc.pca128.edu.v1/LDC2011E41/MED11EvaluationData/video/MED11TEST/HVC499123.mat] does not exist!

[2015/03/19 15:56:39] Feature contains NaN [/net/per610a/export/das11f/plsang/trecvidmed14/feature/eduardo.idensetraj/idensetraj.hoghofmbh.cb256.fc.pca128.edu.v1/LDC2011E41/MED11EvaluationData/video/MED11TEST/HVC384183.mat]
[2015/03/19 15:56:40] Feature contains NaN [/net/per610a/export/das11f/plsang/trecvidmed14/feature/eduardo.idensetraj/idensetraj.hoghofmbh.cb256.fc.pca128.edu.v1/LDC2011E41/MED11EvaluationData/video/MED11TEST/HVC274094.mat]
[2015/03/19 15:56:41] Feature contains NaN [/net/per610a/export/das11f/plsang/trecvidmed14/feature/eduardo.idensetraj/idensetraj.hoghofmbh.cb256.fc.pca128.edu.v1/LDC2013E115/events/E033/HVC681942.mat]
[2015/03/19 15:56:42] Feature contains NaN [/net/per610a/export/das11f/plsang/trecvidmed14/feature/eduardo.idensetraj/idensetraj.hoghofmbh.cb256.fc.pca128.edu.v1/LDC2011E41/MED11EvaluationData/video/MED11TEST/HVC271958.mat]
[2015/03/19 15:56:42] Feature contains NaN [/net/per610a/export/das11f/plsang/trecvidmed14/feature/eduardo.idensetraj/idensetraj.hoghofmbh.cb256.fc.pca128.edu.v1/LDC2011E41/MED11EvaluationData/video/MED11TEST/HVC492523.mat]
[2015/03/19 15:56:50] Feature contains NaN [/net/per610a/export/das11f/plsang/trecvidmed14/feature/eduardo.idensetraj/idensetraj.hoghofmbh.cb256.fc.pca128.edu.v1/LDC2012E01/events/E028/HVC707182.mat]
[2015/03/19 15:56:50] Feature contains NaN [/net/per610a/export/das11f/plsang/trecvidmed14/feature/eduardo.idensetraj/idensetraj.hoghofmbh.cb256.fc.pca128.edu.v1/LDC2013E115/events/E031/HVC602461.mat]
[2015/03/19 15:56:52] Feature contains NaN [/net/per610a/export/das11f/plsang/trecvidmed14/feature/eduardo.idensetraj/idensetraj.hoghofmbh.cb256.fc.pca128.edu.v1/LDC2013E115/events/E040/HVC873908.mat]
[2015/03/19 15:56:53] Feature contains NaN [/net/per610a/export/das11f/plsang/trecvidmed14/feature/eduardo.idensetraj/idensetraj.hoghofmbh.cb256.fc.pca128.edu.v1/LDC2011E41/MED11EvaluationData/video/MED11TEST/HVC582287.mat]
[2015/03/19 15:57:03] Finish running calker_load_traindata(trecvidmed14, trecvidmed14-eduardo.idensetraj, 00:01:35). Elapsed time: 
[2015/03/19 18:40:57] Start running calker_load_traindata(trecvidmed14, trecvidmed14-eduardo.idensetraj, 
[2015/03/19 18:41:12] File [/net/per610a/export/das11f/plsang/trecvidmed14/feature/eduardo.idensetraj/idensetraj.hoghofmbh.cb256.fc.pca128.edu.v1/LDC2011E41/MED11EvaluationData/video/MED11TEST/HVC049461.mat] does not exist!

[2015/03/19 18:41:13] File [/net/per610a/export/das11f/plsang/trecvidmed14/feature/eduardo.idensetraj/idensetraj.hoghofmbh.cb256.fc.pca128.edu.v1/LDC2012E01/events/E021/HVC111858.mat] does not exist!

[2015/03/19 18:41:14] File [/net/per610a/export/das11f/plsang/trecvidmed14/feature/eduardo.idensetraj/idensetraj.hoghofmbh.cb256.fc.pca128.edu.v1/LDC2012E01/events/E022/HVC103036.mat] does not exist!

[2015/03/19 18:41:15] File [/net/per610a/export/das11f/plsang/trecvidmed14/feature/eduardo.idensetraj/idensetraj.hoghofmbh.cb256.fc.pca128.edu.v1/LDC2012E01/events/E024/HVC037316.mat] does not exist!

[2015/03/19 18:41:16] File [/net/per610a/export/das11f/plsang/trecvidmed14/feature/eduardo.idensetraj/idensetraj.hoghofmbh.cb256.fc.pca128.edu.v1/LDC2011E41/MED11EvaluationData/video/MED11TEST/HVC031863.mat] does not exist!

[2015/03/19 18:41:17] File [/net/per610a/export/das11f/plsang/trecvidmed14/feature/eduardo.idensetraj/idensetraj.hoghofmbh.cb256.fc.pca128.edu.v1/LDC2012E01/events/E029/HVC232514.mat] does not exist!

[2015/03/19 18:41:17] File [/net/per610a/export/das11f/plsang/trecvidmed14/feature/eduardo.idensetraj/idensetraj.hoghofmbh.cb256.fc.pca128.edu.v1/LDC2012E01/events/E029/HVC160843.mat] does not exist!

[2015/03/19 18:41:17] File [/net/per610a/export/das11f/plsang/trecvidmed14/feature/eduardo.idensetraj/idensetraj.hoghofmbh.cb256.fc.pca128.edu.v1/LDC2012E01/events/E026/HVC085775.mat] does not exist!

[2015/03/19 18:41:17] File [/net/per610a/export/das11f/plsang/trecvidmed14/feature/eduardo.idensetraj/idensetraj.hoghofmbh.cb256.fc.pca128.edu.v1/LDC2011E41/MED11EvaluationData/video/MED11TEST/HVC082540.mat] does not exist!

[2015/03/19 18:41:17] File [/net/per610a/export/das11f/plsang/trecvidmed14/feature/eduardo.idensetraj/idensetraj.hoghofmbh.cb256.fc.pca128.edu.v1/LDC2012E01/events/E026/HVC082423.mat] does not exist!

[2015/03/19 18:41:18] File [/net/per610a/export/das11f/plsang/trecvidmed14/feature/eduardo.idensetraj/idensetraj.hoghofmbh.cb256.fc.pca128.edu.v1/LDC2011E41/MED11EvaluationData/video/MED11TEST/HVC152154.mat] does not exist!

[2015/03/19 18:41:18] File [/net/per610a/export/das11f/plsang/trecvidmed14/feature/eduardo.idensetraj/idensetraj.hoghofmbh.cb256.fc.pca128.edu.v1/LDC2012E01/events/E030/HVC150898.mat] does not exist!

[2015/03/19 18:41:18] File [/net/per610a/export/das11f/plsang/trecvidmed14/feature/eduardo.idensetraj/idensetraj.hoghofmbh.cb256.fc.pca128.edu.v1/LDC2012E01/events/E023/HVC228869.mat] does not exist!

[2015/03/19 18:41:18] File [/net/per610a/export/das11f/plsang/trecvidmed14/feature/eduardo.idensetraj/idensetraj.hoghofmbh.cb256.fc.pca128.edu.v1/LDC2012E01/events/E023/HVC228378.mat] does not exist!

[2015/03/19 18:41:18] File [/net/per610a/export/das11f/plsang/trecvidmed14/feature/eduardo.idensetraj/idensetraj.hoghofmbh.cb256.fc.pca128.edu.v1/LDC2012E01/events/E022/HVC227431.mat] does not exist!

[2015/03/19 18:41:19] File [/net/per610a/export/das11f/plsang/trecvidmed14/feature/eduardo.idensetraj/idensetraj.hoghofmbh.cb256.fc.pca128.edu.v1/LDC2012E01/events/E026/HVC072995.mat] does not exist!

[2015/03/19 18:41:19] File [/net/per610a/export/das11f/plsang/trecvidmed14/feature/eduardo.idensetraj/idensetraj.hoghofmbh.cb256.fc.pca128.edu.v1/LDC2012E01/events/E027/HVC226479.mat] does not exist!

[2015/03/19 18:41:19] File [/net/per610a/export/das11f/plsang/trecvidmed14/feature/eduardo.idensetraj/idensetraj.hoghofmbh.cb256.fc.pca128.edu.v1/LDC2012E01/events/E021/HVC147696.mat] does not exist!

[2015/03/19 18:41:19] File [/net/per610a/export/das11f/plsang/trecvidmed14/feature/eduardo.idensetraj/idensetraj.hoghofmbh.cb256.fc.pca128.edu.v1/LDC2012E01/events/E022/HVC071662.mat] does not exist!

[2015/03/19 18:41:19] File [/net/per610a/export/das11f/plsang/trecvidmed14/feature/eduardo.idensetraj/idensetraj.hoghofmbh.cb256.fc.pca128.edu.v1/LDC2012E01/events/E021/HVC225216.mat] does not exist!

[2015/03/19 18:41:19] File [/net/per610a/export/das11f/plsang/trecvidmed14/feature/eduardo.idensetraj/idensetraj.hoghofmbh.cb256.fc.pca128.edu.v1/LDC2012E01/events/E021/HVC225054.mat] does not exist!

[2015/03/19 18:41:19] File [/net/per610a/export/das11f/plsang/trecvidmed14/feature/eduardo.idensetraj/idensetraj.hoghofmbh.cb256.fc.pca128.edu.v1/LDC2012E01/events/E028/HVC222257.mat] does not exist!

[2015/03/19 18:41:19] File [/net/per610a/export/das11f/plsang/trecvidmed14/feature/eduardo.idensetraj/idensetraj.hoghofmbh.cb256.fc.pca128.edu.v1/LDC2012E01/events/E021/HVC143960.mat] does not exist!

[2015/03/19 18:41:20] File [/net/per610a/export/das11f/plsang/trecvidmed14/feature/eduardo.idensetraj/idensetraj.hoghofmbh.cb256.fc.pca128.edu.v1/LDC2012E01/events/E021/HVC143391.mat] does not exist!

[2015/03/19 18:41:20] File [/net/per610a/export/das11f/plsang/trecvidmed14/feature/eduardo.idensetraj/idensetraj.hoghofmbh.cb256.fc.pca128.edu.v1/LDC2012E01/events/E023/HVC142466.mat] does not exist!

[2015/03/19 18:41:20] File [/net/per610a/export/das11f/plsang/trecvidmed14/feature/eduardo.idensetraj/idensetraj.hoghofmbh.cb256.fc.pca128.edu.v1/LDC2012E01/events/E024/HVC214379.mat] does not exist!

[2015/03/19 18:41:21] File [/net/per610a/export/das11f/plsang/trecvidmed14/feature/eduardo.idensetraj/idensetraj.hoghofmbh.cb256.fc.pca128.edu.v1/LDC2012E01/events/E030/HVC136883.mat] does not exist!

[2015/03/19 18:41:21] File [/net/per610a/export/das11f/plsang/trecvidmed14/feature/eduardo.idensetraj/idensetraj.hoghofmbh.cb256.fc.pca128.edu.v1/LDC2012E01/events/E021/HVC213503.mat] does not exist!

[2015/03/19 18:41:21] File [/net/per610a/export/das11f/plsang/trecvidmed14/feature/eduardo.idensetraj/idensetraj.hoghofmbh.cb256.fc.pca128.edu.v1/LDC2012E01/events/E021/HVC213415.mat] does not exist!

[2015/03/19 18:41:21] File [/net/per610a/export/das11f/plsang/trecvidmed14/feature/eduardo.idensetraj/idensetraj.hoghofmbh.cb256.fc.pca128.edu.v1/LDC2012E01/events/E027/HVC252377.mat] does not exist!

[2015/03/19 18:41:22] File [/net/per610a/export/das11f/plsang/trecvidmed14/feature/eduardo.idensetraj/idensetraj.hoghofmbh.cb256.fc.pca128.edu.v1/LDC2012E01/events/E025/HVC210640.mat] does not exist!

[2015/03/19 18:41:22] File [/net/per610a/export/das11f/plsang/trecvidmed14/feature/eduardo.idensetraj/idensetraj.hoghofmbh.cb256.fc.pca128.edu.v1/LDC2012E01/events/E024/HVC210633.mat] does not exist!

[2015/03/19 18:41:23] File [/net/per610a/export/das11f/plsang/trecvidmed14/feature/eduardo.idensetraj/idensetraj.hoghofmbh.cb256.fc.pca128.edu.v1/LDC2012E01/events/E024/HVC245153.mat] does not exist!

[2015/03/19 18:41:23] File [/net/per610a/export/das11f/plsang/trecvidmed14/feature/eduardo.idensetraj/idensetraj.hoghofmbh.cb256.fc.pca128.edu.v1/LDC2012E01/events/E024/HVC245145.mat] does not exist!

[2015/03/19 18:41:23] File [/net/per610a/export/das11f/plsang/trecvidmed14/feature/eduardo.idensetraj/idensetraj.hoghofmbh.cb256.fc.pca128.edu.v1/LDC2012E01/events/E022/HVC244495.mat] does not exist!

[2015/03/19 18:41:23] File [/net/per610a/export/das11f/plsang/trecvidmed14/feature/eduardo.idensetraj/idensetraj.hoghofmbh.cb256.fc.pca128.edu.v1/LDC2012E01/events/E025/HVC202175.mat] does not exist!

[2015/03/19 18:41:23] File [/net/per610a/export/das11f/plsang/trecvidmed14/feature/eduardo.idensetraj/idensetraj.hoghofmbh.cb256.fc.pca128.edu.v1/LDC2012E01/events/E028/HVC202139.mat] does not exist!

[2015/03/19 18:41:23] File [/net/per610a/export/das11f/plsang/trecvidmed14/feature/eduardo.idensetraj/idensetraj.hoghofmbh.cb256.fc.pca128.edu.v1/LDC2012E108/events/E018/HVC202008.mat] does not exist!

[2015/03/19 18:41:24] File [/net/per610a/export/das11f/plsang/trecvidmed14/feature/eduardo.idensetraj/idensetraj.hoghofmbh.cb256.fc.pca128.edu.v1/LDC2012E108/events/E019/HVC198794.mat] does not exist!

[2015/03/19 18:41:24] File [/net/per610a/export/das11f/plsang/trecvidmed14/feature/eduardo.idensetraj/idensetraj.hoghofmbh.cb256.fc.pca128.edu.v1/LDC2012E01/events/E030/HVC242860.mat] does not exist!

[2015/03/19 18:41:24] File [/net/per610a/export/das11f/plsang/trecvidmed14/feature/eduardo.idensetraj/idensetraj.hoghofmbh.cb256.fc.pca128.edu.v1/LDC2012E108/events/E018/HVC197135.mat] does not exist!

[2015/03/19 18:41:24] File [/net/per610a/export/das11f/plsang/trecvidmed14/feature/eduardo.idensetraj/idensetraj.hoghofmbh.cb256.fc.pca128.edu.v1/LDC2011E41/MED11EvaluationData/video/MED11TEST/HVC195971.mat] does not exist!

[2015/03/19 18:41:24] File [/net/per610a/export/das11f/plsang/trecvidmed14/feature/eduardo.idensetraj/idensetraj.hoghofmbh.cb256.fc.pca128.edu.v1/LDC2012E01/events/E027/HVC194716.mat] does not exist!

[2015/03/19 18:41:25] File [/net/per610a/export/das11f/plsang/trecvidmed14/feature/eduardo.idensetraj/idensetraj.hoghofmbh.cb256.fc.pca128.edu.v1/LDC2012E01/events/E030/HVC052129.mat] does not exist!

[2015/03/19 18:41:25] Feature contains NaN [/net/per610a/export/das11f/plsang/trecvidmed14/feature/eduardo.idensetraj/idensetraj.hoghofmbh.cb256.fc.pca128.edu.v1/LDC2011E41/MED11EvaluationData/video/MED11TEST/HVC052024.mat]
[2015/03/19 18:41:25] File [/net/per610a/export/das11f/plsang/trecvidmed14/feature/eduardo.idensetraj/idensetraj.hoghofmbh.cb256.fc.pca128.edu.v1/LDC2012E01/events/E027/HVC239730.mat] does not exist!

[2015/03/19 18:41:25] File [/net/per610a/export/das11f/plsang/trecvidmed14/feature/eduardo.idensetraj/idensetraj.hoghofmbh.cb256.fc.pca128.edu.v1/LDC2012E01/events/E023/HVC239717.mat] does not exist!

[2015/03/19 18:41:25] File [/net/per610a/export/das11f/plsang/trecvidmed14/feature/eduardo.idensetraj/idensetraj.hoghofmbh.cb256.fc.pca128.edu.v1/LDC2012E01/events/E030/HVC187217.mat] does not exist!

[2015/03/19 18:41:32] File [/net/per610a/export/das11f/plsang/trecvidmed14/feature/eduardo.idensetraj/idensetraj.hoghofmbh.cb256.fc.pca128.edu.v1/LDC2012E01/events/E029/HVC465348.mat] does not exist!

[2015/03/19 18:41:32] File [/net/per610a/export/das11f/plsang/trecvidmed14/feature/eduardo.idensetraj/idensetraj.hoghofmbh.cb256.fc.pca128.edu.v1/LDC2011E41/MED11EvaluationData/video/MED11TEST/HVC276461.mat] does not exist!

[2015/03/19 18:41:32] File [/net/per610a/export/das11f/plsang/trecvidmed14/feature/eduardo.idensetraj/idensetraj.hoghofmbh.cb256.fc.pca128.edu.v1/LDC2012E01/events/E026/HVC441570.mat] does not exist!

[2015/03/19 18:41:32] File [/net/per610a/export/das11f/plsang/trecvidmed14/feature/eduardo.idensetraj/idensetraj.hoghofmbh.cb256.fc.pca128.edu.v1/LDC2012E01/events/E026/HVC433448.mat] does not exist!

[2015/03/19 18:41:33] File [/net/per610a/export/das11f/plsang/trecvidmed14/feature/eduardo.idensetraj/idensetraj.hoghofmbh.cb256.fc.pca128.edu.v1/LDC2012E01/events/E029/HVC529896.mat] does not exist!

[2015/03/19 18:41:33] File [/net/per610a/export/das11f/plsang/trecvidmed14/feature/eduardo.idensetraj/idensetraj.hoghofmbh.cb256.fc.pca128.edu.v1/LDC2011E41/MED11EvaluationData/video/MED11TEST/HVC499123.mat] does not exist!

[2015/03/19 18:41:34] File [/net/per610a/export/das11f/plsang/trecvidmed14/feature/eduardo.idensetraj/idensetraj.hoghofmbh.cb256.fc.pca128.edu.v1/LDC2012E01/events/E030/HVC405163.mat] does not exist!

[2015/03/19 18:41:34] Feature contains NaN [/net/per610a/export/das11f/plsang/trecvidmed14/feature/eduardo.idensetraj/idensetraj.hoghofmbh.cb256.fc.pca128.edu.v1/LDC2011E41/MED11EvaluationData/video/MED11TEST/HVC492523.mat]
[2015/03/19 18:41:40] Finish running calker_load_traindata(trecvidmed14, trecvidmed14-eduardo.idensetraj, 00:00:43). Elapsed time: 
[2015/03/20 11:14:51] Start running calker_load_traindata(trecvidmed14, trecvidmed14-eduardo.idensetraj, 
[2015/03/20 11:15:23] File [/net/per610a/export/das11f/plsang/trecvidmed14/feature/eduardo.idensetraj/idensetraj.hoghofmbh.cb256.fc.pca128.edu.v1/LDC2012E01/events/E029/HVC529896.mat] does not exist!

[2015/03/20 11:15:28] Feature contains NaN [/net/per610a/export/das11f/plsang/trecvidmed14/feature/eduardo.idensetraj/idensetraj.hoghofmbh.cb256.fc.pca128.edu.v1/LDC2011E41/MED11EvaluationData/video/MED11TEST/HVC492523.mat]
[2015/03/20 11:15:28] File [/net/per610a/export/das11f/plsang/trecvidmed14/feature/eduardo.idensetraj/idensetraj.hoghofmbh.cb256.fc.pca128.edu.v1/LDC2012E01/events/E029/HVC465348.mat] does not exist!

[2015/03/20 11:15:29] File [/net/per610a/export/das11f/plsang/trecvidmed14/feature/eduardo.idensetraj/idensetraj.hoghofmbh.cb256.fc.pca128.edu.v1/LDC2012E01/events/E026/HVC441570.mat] does not exist!

[2015/03/20 11:15:29] File [/net/per610a/export/das11f/plsang/trecvidmed14/feature/eduardo.idensetraj/idensetraj.hoghofmbh.cb256.fc.pca128.edu.v1/LDC2012E01/events/E026/HVC433448.mat] does not exist!

[2015/03/20 11:15:30] File [/net/per610a/export/das11f/plsang/trecvidmed14/feature/eduardo.idensetraj/idensetraj.hoghofmbh.cb256.fc.pca128.edu.v1/LDC2012E01/events/E030/HVC405163.mat] does not exist!

[2015/03/20 11:15:47] File [/net/per610a/export/das11f/plsang/trecvidmed14/feature/eduardo.idensetraj/idensetraj.hoghofmbh.cb256.fc.pca128.edu.v1/LDC2012E01/events/E027/HVC252377.mat] does not exist!

[2015/03/20 11:15:48] File [/net/per610a/export/das11f/plsang/trecvidmed14/feature/eduardo.idensetraj/idensetraj.hoghofmbh.cb256.fc.pca128.edu.v1/LDC2012E01/events/E024/HVC245153.mat] does not exist!

[2015/03/20 11:15:48] File [/net/per610a/export/das11f/plsang/trecvidmed14/feature/eduardo.idensetraj/idensetraj.hoghofmbh.cb256.fc.pca128.edu.v1/LDC2012E01/events/E024/HVC245145.mat] does not exist!

[2015/03/20 11:15:49] File [/net/per610a/export/das11f/plsang/trecvidmed14/feature/eduardo.idensetraj/idensetraj.hoghofmbh.cb256.fc.pca128.edu.v1/LDC2012E01/events/E022/HVC244495.mat] does not exist!

[2015/03/20 11:15:49] File [/net/per610a/export/das11f/plsang/trecvidmed14/feature/eduardo.idensetraj/idensetraj.hoghofmbh.cb256.fc.pca128.edu.v1/LDC2012E01/events/E030/HVC242860.mat] does not exist!

[2015/03/20 11:15:50] File [/net/per610a/export/das11f/plsang/trecvidmed14/feature/eduardo.idensetraj/idensetraj.hoghofmbh.cb256.fc.pca128.edu.v1/LDC2012E01/events/E027/HVC239730.mat] does not exist!

[2015/03/20 11:15:50] File [/net/per610a/export/das11f/plsang/trecvidmed14/feature/eduardo.idensetraj/idensetraj.hoghofmbh.cb256.fc.pca128.edu.v1/LDC2012E01/events/E023/HVC239717.mat] does not exist!

[2015/03/20 11:15:53] File [/net/per610a/export/das11f/plsang/trecvidmed14/feature/eduardo.idensetraj/idensetraj.hoghofmbh.cb256.fc.pca128.edu.v1/LDC2012E01/events/E029/HVC232514.mat] does not exist!

[2015/03/20 11:15:54] File [/net/per610a/export/das11f/plsang/trecvidmed14/feature/eduardo.idensetraj/idensetraj.hoghofmbh.cb256.fc.pca128.edu.v1/LDC2012E01/events/E023/HVC228869.mat] does not exist!

[2015/03/20 11:15:54] File [/net/per610a/export/das11f/plsang/trecvidmed14/feature/eduardo.idensetraj/idensetraj.hoghofmbh.cb256.fc.pca128.edu.v1/LDC2012E01/events/E023/HVC228378.mat] does not exist!

[2015/03/20 11:15:54] File [/net/per610a/export/das11f/plsang/trecvidmed14/feature/eduardo.idensetraj/idensetraj.hoghofmbh.cb256.fc.pca128.edu.v1/LDC2012E01/events/E022/HVC227431.mat] does not exist!

[2015/03/20 11:15:54] File [/net/per610a/export/das11f/plsang/trecvidmed14/feature/eduardo.idensetraj/idensetraj.hoghofmbh.cb256.fc.pca128.edu.v1/LDC2012E01/events/E027/HVC226479.mat] does not exist!

[2015/03/20 11:15:54] File [/net/per610a/export/das11f/plsang/trecvidmed14/feature/eduardo.idensetraj/idensetraj.hoghofmbh.cb256.fc.pca128.edu.v1/LDC2012E01/events/E021/HVC225216.mat] does not exist!

[2015/03/20 11:15:54] File [/net/per610a/export/das11f/plsang/trecvidmed14/feature/eduardo.idensetraj/idensetraj.hoghofmbh.cb256.fc.pca128.edu.v1/LDC2012E01/events/E021/HVC225054.mat] does not exist!

[2015/03/20 11:15:55] File [/net/per610a/export/das11f/plsang/trecvidmed14/feature/eduardo.idensetraj/idensetraj.hoghofmbh.cb256.fc.pca128.edu.v1/LDC2012E01/events/E028/HVC222257.mat] does not exist!

[2015/03/20 11:15:56] File [/net/per610a/export/das11f/plsang/trecvidmed14/feature/eduardo.idensetraj/idensetraj.hoghofmbh.cb256.fc.pca128.edu.v1/LDC2012E01/events/E024/HVC214379.mat] does not exist!

[2015/03/20 11:15:56] File [/net/per610a/export/das11f/plsang/trecvidmed14/feature/eduardo.idensetraj/idensetraj.hoghofmbh.cb256.fc.pca128.edu.v1/LDC2012E01/events/E021/HVC213503.mat] does not exist!

[2015/03/20 11:15:56] File [/net/per610a/export/das11f/plsang/trecvidmed14/feature/eduardo.idensetraj/idensetraj.hoghofmbh.cb256.fc.pca128.edu.v1/LDC2012E01/events/E021/HVC213415.mat] does not exist!

[2015/03/20 11:15:57] File [/net/per610a/export/das11f/plsang/trecvidmed14/feature/eduardo.idensetraj/idensetraj.hoghofmbh.cb256.fc.pca128.edu.v1/LDC2012E01/events/E025/HVC210640.mat] does not exist!

[2015/03/20 11:15:57] File [/net/per610a/export/das11f/plsang/trecvidmed14/feature/eduardo.idensetraj/idensetraj.hoghofmbh.cb256.fc.pca128.edu.v1/LDC2012E01/events/E024/HVC210633.mat] does not exist!

[2015/03/20 11:15:58] File [/net/per610a/export/das11f/plsang/trecvidmed14/feature/eduardo.idensetraj/idensetraj.hoghofmbh.cb256.fc.pca128.edu.v1/LDC2012E01/events/E025/HVC202175.mat] does not exist!

[2015/03/20 11:15:58] File [/net/per610a/export/das11f/plsang/trecvidmed14/feature/eduardo.idensetraj/idensetraj.hoghofmbh.cb256.fc.pca128.edu.v1/LDC2012E01/events/E028/HVC202139.mat] does not exist!

[2015/03/20 11:15:58] File [/net/per610a/export/das11f/plsang/trecvidmed14/feature/eduardo.idensetraj/idensetraj.hoghofmbh.cb256.fc.pca128.edu.v1/LDC2012E108/events/E018/HVC202008.mat] does not exist!

[2015/03/20 11:15:58] File [/net/per610a/export/das11f/plsang/trecvidmed14/feature/eduardo.idensetraj/idensetraj.hoghofmbh.cb256.fc.pca128.edu.v1/LDC2012E108/events/E019/HVC198794.mat] does not exist!

[2015/03/20 11:15:59] File [/net/per610a/export/das11f/plsang/trecvidmed14/feature/eduardo.idensetraj/idensetraj.hoghofmbh.cb256.fc.pca128.edu.v1/LDC2012E108/events/E018/HVC197135.mat] does not exist!

[2015/03/20 11:15:59] File [/net/per610a/export/das11f/plsang/trecvidmed14/feature/eduardo.idensetraj/idensetraj.hoghofmbh.cb256.fc.pca128.edu.v1/LDC2012E01/events/E027/HVC194716.mat] does not exist!

[2015/03/20 11:16:01] File [/net/per610a/export/das11f/plsang/trecvidmed14/feature/eduardo.idensetraj/idensetraj.hoghofmbh.cb256.fc.pca128.edu.v1/LDC2012E01/events/E030/HVC187217.mat] does not exist!

[2015/03/20 11:16:05] File [/net/per610a/export/das11f/plsang/trecvidmed14/feature/eduardo.idensetraj/idensetraj.hoghofmbh.cb256.fc.pca128.edu.v1/LDC2012E01/events/E029/HVC160843.mat] does not exist!

[2015/03/20 11:16:07] File [/net/per610a/export/das11f/plsang/trecvidmed14/feature/eduardo.idensetraj/idensetraj.hoghofmbh.cb256.fc.pca128.edu.v1/LDC2012E01/events/E030/HVC150898.mat] does not exist!

[2015/03/20 11:16:07] File [/net/per610a/export/das11f/plsang/trecvidmed14/feature/eduardo.idensetraj/idensetraj.hoghofmbh.cb256.fc.pca128.edu.v1/LDC2012E01/events/E021/HVC147696.mat] does not exist!

[2015/03/20 11:16:08] File [/net/per610a/export/das11f/plsang/trecvidmed14/feature/eduardo.idensetraj/idensetraj.hoghofmbh.cb256.fc.pca128.edu.v1/LDC2012E01/events/E021/HVC143960.mat] does not exist!

[2015/03/20 11:16:08] File [/net/per610a/export/das11f/plsang/trecvidmed14/feature/eduardo.idensetraj/idensetraj.hoghofmbh.cb256.fc.pca128.edu.v1/LDC2012E01/events/E021/HVC143391.mat] does not exist!

[2015/03/20 11:16:09] File [/net/per610a/export/das11f/plsang/trecvidmed14/feature/eduardo.idensetraj/idensetraj.hoghofmbh.cb256.fc.pca128.edu.v1/LDC2012E01/events/E023/HVC142466.mat] does not exist!

[2015/03/20 11:16:09] File [/net/per610a/export/das11f/plsang/trecvidmed14/feature/eduardo.idensetraj/idensetraj.hoghofmbh.cb256.fc.pca128.edu.v1/LDC2012E01/events/E030/HVC136883.mat] does not exist!

[2015/03/20 11:16:13] File [/net/per610a/export/das11f/plsang/trecvidmed14/feature/eduardo.idensetraj/idensetraj.hoghofmbh.cb256.fc.pca128.edu.v1/LDC2012E01/events/E021/HVC111858.mat] does not exist!

[2015/03/20 11:16:14] File [/net/per610a/export/das11f/plsang/trecvidmed14/feature/eduardo.idensetraj/idensetraj.hoghofmbh.cb256.fc.pca128.edu.v1/LDC2012E01/events/E022/HVC103036.mat] does not exist!

[2015/03/20 11:16:16] File [/net/per610a/export/das11f/plsang/trecvidmed14/feature/eduardo.idensetraj/idensetraj.hoghofmbh.cb256.fc.pca128.edu.v1/LDC2012E01/events/E026/HVC085775.mat] does not exist!

[2015/03/20 11:16:16] File [/net/per610a/export/das11f/plsang/trecvidmed14/feature/eduardo.idensetraj/idensetraj.hoghofmbh.cb256.fc.pca128.edu.v1/LDC2012E01/events/E026/HVC082423.mat] does not exist!

[2015/03/20 11:16:18] File [/net/per610a/export/das11f/plsang/trecvidmed14/feature/eduardo.idensetraj/idensetraj.hoghofmbh.cb256.fc.pca128.edu.v1/LDC2012E01/events/E026/HVC072995.mat] does not exist!

[2015/03/20 11:16:18] File [/net/per610a/export/das11f/plsang/trecvidmed14/feature/eduardo.idensetraj/idensetraj.hoghofmbh.cb256.fc.pca128.edu.v1/LDC2012E01/events/E022/HVC071662.mat] does not exist!

[2015/03/20 11:16:22] File [/net/per610a/export/das11f/plsang/trecvidmed14/feature/eduardo.idensetraj/idensetraj.hoghofmbh.cb256.fc.pca128.edu.v1/LDC2012E01/events/E030/HVC052129.mat] does not exist!

[2015/03/20 11:16:22] Feature contains NaN [/net/per610a/export/das11f/plsang/trecvidmed14/feature/eduardo.idensetraj/idensetraj.hoghofmbh.cb256.fc.pca128.edu.v1/LDC2011E41/MED11EvaluationData/video/MED11TEST/HVC052024.mat]
[2015/03/20 11:16:26] File [/net/per610a/export/das11f/plsang/trecvidmed14/feature/eduardo.idensetraj/idensetraj.hoghofmbh.cb256.fc.pca128.edu.v1/LDC2012E01/events/E024/HVC037316.mat] does not exist!

[2015/03/20 11:16:36] Finish running calker_load_traindata(trecvidmed14, trecvidmed14-eduardo.idensetraj, 00:01:44). Elapsed time: 
[2015/03/20 11:58:34] Start running calker_load_traindata(trecvidmed14, trecvidmed14-eduardo.idensetraj, 
[2015/03/20 11:59:05] File [/net/per610a/export/das11f/plsang/trecvidmed14/feature/eduardo.idensetraj/idensetraj.hoghofmbh.cb256.fc.pca128.edu.v1/LDC2012E01/events/E029/HVC529896.mat] does not exist!

[2015/03/20 11:59:09] Feature contains NaN [/net/per610a/export/das11f/plsang/trecvidmed14/feature/eduardo.idensetraj/idensetraj.hoghofmbh.cb256.fc.pca128.edu.v1/LDC2011E41/MED11EvaluationData/video/MED11TEST/HVC492523.mat]
[2015/03/20 11:59:10] File [/net/per610a/export/das11f/plsang/trecvidmed14/feature/eduardo.idensetraj/idensetraj.hoghofmbh.cb256.fc.pca128.edu.v1/LDC2012E01/events/E029/HVC465348.mat] does not exist!

[2015/03/20 11:59:10] File [/net/per610a/export/das11f/plsang/trecvidmed14/feature/eduardo.idensetraj/idensetraj.hoghofmbh.cb256.fc.pca128.edu.v1/LDC2012E01/events/E026/HVC441570.mat] does not exist!

[2015/03/20 11:59:10] File [/net/per610a/export/das11f/plsang/trecvidmed14/feature/eduardo.idensetraj/idensetraj.hoghofmbh.cb256.fc.pca128.edu.v1/LDC2012E01/events/E026/HVC433448.mat] does not exist!

[2015/03/20 11:59:11] File [/net/per610a/export/das11f/plsang/trecvidmed14/feature/eduardo.idensetraj/idensetraj.hoghofmbh.cb256.fc.pca128.edu.v1/LDC2012E01/events/E030/HVC405163.mat] does not exist!

[2015/03/20 11:59:12] Start running calker_load_traindata(trecvidmed14, trecvidmed14-eduardo.idensetraj, 
[2015/03/20 11:59:27] File [/net/per610a/export/das11f/plsang/trecvidmed14/feature/eduardo.idensetraj/idensetraj.hoghofmbh.cb256.fc.pca128.edu.v1/LDC2012E01/events/E027/HVC252377.mat] does not exist!

[2015/03/20 11:59:28] File [/net/per610a/export/das11f/plsang/trecvidmed14/feature/eduardo.idensetraj/idensetraj.hoghofmbh.cb256.fc.pca128.edu.v1/LDC2012E01/events/E024/HVC245153.mat] does not exist!

[2015/03/20 11:59:28] File [/net/per610a/export/das11f/plsang/trecvidmed14/feature/eduardo.idensetraj/idensetraj.hoghofmbh.cb256.fc.pca128.edu.v1/LDC2012E01/events/E024/HVC245145.mat] does not exist!

[2015/03/20 11:59:29] File [/net/per610a/export/das11f/plsang/trecvidmed14/feature/eduardo.idensetraj/idensetraj.hoghofmbh.cb256.fc.pca128.edu.v1/LDC2012E01/events/E022/HVC244495.mat] does not exist!

[2015/03/20 11:59:29] File [/net/per610a/export/das11f/plsang/trecvidmed14/feature/eduardo.idensetraj/idensetraj.hoghofmbh.cb256.fc.pca128.edu.v1/LDC2012E01/events/E030/HVC242860.mat] does not exist!

[2015/03/20 11:59:30] File [/net/per610a/export/das11f/plsang/trecvidmed14/feature/eduardo.idensetraj/idensetraj.hoghofmbh.cb256.fc.pca128.edu.v1/LDC2012E01/events/E027/HVC239730.mat] does not exist!

[2015/03/20 11:59:30] File [/net/per610a/export/das11f/plsang/trecvidmed14/feature/eduardo.idensetraj/idensetraj.hoghofmbh.cb256.fc.pca128.edu.v1/LDC2012E01/events/E023/HVC239717.mat] does not exist!

[2015/03/20 11:59:33] File [/net/per610a/export/das11f/plsang/trecvidmed14/feature/eduardo.idensetraj/idensetraj.hoghofmbh.cb256.fc.pca128.edu.v1/LDC2012E01/events/E029/HVC232514.mat] does not exist!

[2015/03/20 11:59:34] File [/net/per610a/export/das11f/plsang/trecvidmed14/feature/eduardo.idensetraj/idensetraj.hoghofmbh.cb256.fc.pca128.edu.v1/LDC2012E01/events/E023/HVC228869.mat] does not exist!

[2015/03/20 11:59:34] File [/net/per610a/export/das11f/plsang/trecvidmed14/feature/eduardo.idensetraj/idensetraj.hoghofmbh.cb256.fc.pca128.edu.v1/LDC2012E01/events/E023/HVC228378.mat] does not exist!

[2015/03/20 11:59:34] File [/net/per610a/export/das11f/plsang/trecvidmed14/feature/eduardo.idensetraj/idensetraj.hoghofmbh.cb256.fc.pca128.edu.v1/LDC2012E01/events/E022/HVC227431.mat] does not exist!

[2015/03/20 11:59:34] File [/net/per610a/export/das11f/plsang/trecvidmed14/feature/eduardo.idensetraj/idensetraj.hoghofmbh.cb256.fc.pca128.edu.v1/LDC2012E01/events/E027/HVC226479.mat] does not exist!

[2015/03/20 11:59:34] File [/net/per610a/export/das11f/plsang/trecvidmed14/feature/eduardo.idensetraj/idensetraj.hoghofmbh.cb256.fc.pca128.edu.v1/LDC2012E01/events/E021/HVC225216.mat] does not exist!

[2015/03/20 11:59:35] File [/net/per610a/export/das11f/plsang/trecvidmed14/feature/eduardo.idensetraj/idensetraj.hoghofmbh.cb256.fc.pca128.edu.v1/LDC2012E01/events/E021/HVC225054.mat] does not exist!

[2015/03/20 11:59:35] File [/net/per610a/export/das11f/plsang/trecvidmed14/feature/eduardo.idensetraj/idensetraj.hoghofmbh.cb256.fc.pca128.edu.v1/LDC2012E01/events/E028/HVC222257.mat] does not exist!

[2015/03/20 11:59:37] File [/net/per610a/export/das11f/plsang/trecvidmed14/feature/eduardo.idensetraj/idensetraj.hoghofmbh.cb256.fc.pca128.edu.v1/LDC2012E01/events/E024/HVC214379.mat] does not exist!

[2015/03/20 11:59:37] File [/net/per610a/export/das11f/plsang/trecvidmed14/feature/eduardo.idensetraj/idensetraj.hoghofmbh.cb256.fc.pca128.edu.v1/LDC2012E01/events/E021/HVC213503.mat] does not exist!

[2015/03/20 11:59:37] File [/net/per610a/export/das11f/plsang/trecvidmed14/feature/eduardo.idensetraj/idensetraj.hoghofmbh.cb256.fc.pca128.edu.v1/LDC2012E01/events/E021/HVC213415.mat] does not exist!

[2015/03/20 11:59:38] File [/net/per610a/export/das11f/plsang/trecvidmed14/feature/eduardo.idensetraj/idensetraj.hoghofmbh.cb256.fc.pca128.edu.v1/LDC2012E01/events/E025/HVC210640.mat] does not exist!

[2015/03/20 11:59:38] File [/net/per610a/export/das11f/plsang/trecvidmed14/feature/eduardo.idensetraj/idensetraj.hoghofmbh.cb256.fc.pca128.edu.v1/LDC2012E01/events/E024/HVC210633.mat] does not exist!

[2015/03/20 11:59:40] File [/net/per610a/export/das11f/plsang/trecvidmed14/feature/eduardo.idensetraj/idensetraj.hoghofmbh.cb256.fc.pca128.edu.v1/LDC2012E01/events/E029/HVC529896.mat] does not exist!

[2015/03/20 11:59:40] File [/net/per610a/export/das11f/plsang/trecvidmed14/feature/eduardo.idensetraj/idensetraj.hoghofmbh.cb256.fc.pca128.edu.v1/LDC2012E01/events/E025/HVC202175.mat] does not exist!

[2015/03/20 11:59:40] File [/net/per610a/export/das11f/plsang/trecvidmed14/feature/eduardo.idensetraj/idensetraj.hoghofmbh.cb256.fc.pca128.edu.v1/LDC2012E01/events/E028/HVC202139.mat] does not exist!

[2015/03/20 11:59:40] File [/net/per610a/export/das11f/plsang/trecvidmed14/feature/eduardo.idensetraj/idensetraj.hoghofmbh.cb256.fc.pca128.edu.v1/LDC2012E108/events/E018/HVC202008.mat] does not exist!

[2015/03/20 11:59:41] File [/net/per610a/export/das11f/plsang/trecvidmed14/feature/eduardo.idensetraj/idensetraj.hoghofmbh.cb256.fc.pca128.edu.v1/LDC2012E108/events/E019/HVC198794.mat] does not exist!

[2015/03/20 11:59:41] File [/net/per610a/export/das11f/plsang/trecvidmed14/feature/eduardo.idensetraj/idensetraj.hoghofmbh.cb256.fc.pca128.edu.v1/LDC2012E108/events/E018/HVC197135.mat] does not exist!

[2015/03/20 11:59:41] File [/net/per610a/export/das11f/plsang/trecvidmed14/feature/eduardo.idensetraj/idensetraj.hoghofmbh.cb256.fc.pca128.edu.v1/LDC2012E01/events/E027/HVC194716.mat] does not exist!

[2015/03/20 11:59:43] File [/net/per610a/export/das11f/plsang/trecvidmed14/feature/eduardo.idensetraj/idensetraj.hoghofmbh.cb256.fc.pca128.edu.v1/LDC2012E01/events/E030/HVC187217.mat] does not exist!

[2015/03/20 11:59:44] Feature contains NaN [/net/per610a/export/das11f/plsang/trecvidmed14/feature/eduardo.idensetraj/idensetraj.hoghofmbh.cb256.fc.pca128.edu.v1/LDC2011E41/MED11EvaluationData/video/MED11TEST/HVC492523.mat]
[2015/03/20 11:59:44] File [/net/per610a/export/das11f/plsang/trecvidmed14/feature/eduardo.idensetraj/idensetraj.hoghofmbh.cb256.fc.pca128.edu.v1/LDC2012E01/events/E029/HVC465348.mat] does not exist!

[2015/03/20 11:59:45] File [/net/per610a/export/das11f/plsang/trecvidmed14/feature/eduardo.idensetraj/idensetraj.hoghofmbh.cb256.fc.pca128.edu.v1/LDC2012E01/events/E026/HVC441570.mat] does not exist!

[2015/03/20 11:59:45] File [/net/per610a/export/das11f/plsang/trecvidmed14/feature/eduardo.idensetraj/idensetraj.hoghofmbh.cb256.fc.pca128.edu.v1/LDC2012E01/events/E026/HVC433448.mat] does not exist!

[2015/03/20 11:59:46] File [/net/per610a/export/das11f/plsang/trecvidmed14/feature/eduardo.idensetraj/idensetraj.hoghofmbh.cb256.fc.pca128.edu.v1/LDC2012E01/events/E030/HVC405163.mat] does not exist!

[2015/03/20 11:59:49] File [/net/per610a/export/das11f/plsang/trecvidmed14/feature/eduardo.idensetraj/idensetraj.hoghofmbh.cb256.fc.pca128.edu.v1/LDC2012E01/events/E029/HVC160843.mat] does not exist!

[2015/03/20 11:59:51] File [/net/per610a/export/das11f/plsang/trecvidmed14/feature/eduardo.idensetraj/idensetraj.hoghofmbh.cb256.fc.pca128.edu.v1/LDC2012E01/events/E030/HVC150898.mat] does not exist!

[2015/03/20 11:59:52] File [/net/per610a/export/das11f/plsang/trecvidmed14/feature/eduardo.idensetraj/idensetraj.hoghofmbh.cb256.fc.pca128.edu.v1/LDC2012E01/events/E021/HVC147696.mat] does not exist!

[2015/03/20 11:59:53] File [/net/per610a/export/das11f/plsang/trecvidmed14/feature/eduardo.idensetraj/idensetraj.hoghofmbh.cb256.fc.pca128.edu.v1/LDC2012E01/events/E021/HVC143960.mat] does not exist!

[2015/03/20 11:59:53] File [/net/per610a/export/das11f/plsang/trecvidmed14/feature/eduardo.idensetraj/idensetraj.hoghofmbh.cb256.fc.pca128.edu.v1/LDC2012E01/events/E021/HVC143391.mat] does not exist!

[2015/03/20 11:59:53] File [/net/per610a/export/das11f/plsang/trecvidmed14/feature/eduardo.idensetraj/idensetraj.hoghofmbh.cb256.fc.pca128.edu.v1/LDC2012E01/events/E023/HVC142466.mat] does not exist!

[2015/03/20 11:59:54] File [/net/per610a/export/das11f/plsang/trecvidmed14/feature/eduardo.idensetraj/idensetraj.hoghofmbh.cb256.fc.pca128.edu.v1/LDC2012E01/events/E030/HVC136883.mat] does not exist!

[2015/03/20 11:59:58] File [/net/per610a/export/das11f/plsang/trecvidmed14/feature/eduardo.idensetraj/idensetraj.hoghofmbh.cb256.fc.pca128.edu.v1/LDC2012E01/events/E021/HVC111858.mat] does not exist!

[2015/03/20 11:59:59] File [/net/per610a/export/das11f/plsang/trecvidmed14/feature/eduardo.idensetraj/idensetraj.hoghofmbh.cb256.fc.pca128.edu.v1/LDC2012E01/events/E022/HVC103036.mat] does not exist!

[2015/03/20 12:00:02] File [/net/per610a/export/das11f/plsang/trecvidmed14/feature/eduardo.idensetraj/idensetraj.hoghofmbh.cb256.fc.pca128.edu.v1/LDC2012E01/events/E027/HVC252377.mat] does not exist!

[2015/03/20 12:00:03] File [/net/per610a/export/das11f/plsang/trecvidmed14/feature/eduardo.idensetraj/idensetraj.hoghofmbh.cb256.fc.pca128.edu.v1/LDC2012E01/events/E026/HVC085775.mat] does not exist!

[2015/03/20 12:00:03] File [/net/per610a/export/das11f/plsang/trecvidmed14/feature/eduardo.idensetraj/idensetraj.hoghofmbh.cb256.fc.pca128.edu.v1/LDC2012E01/events/E024/HVC245153.mat] does not exist!

[2015/03/20 12:00:03] File [/net/per610a/export/das11f/plsang/trecvidmed14/feature/eduardo.idensetraj/idensetraj.hoghofmbh.cb256.fc.pca128.edu.v1/LDC2012E01/events/E024/HVC245145.mat] does not exist!

[2015/03/20 12:00:03] File [/net/per610a/export/das11f/plsang/trecvidmed14/feature/eduardo.idensetraj/idensetraj.hoghofmbh.cb256.fc.pca128.edu.v1/LDC2012E01/events/E022/HVC244495.mat] does not exist!

[2015/03/20 12:00:04] File [/net/per610a/export/das11f/plsang/trecvidmed14/feature/eduardo.idensetraj/idensetraj.hoghofmbh.cb256.fc.pca128.edu.v1/LDC2012E01/events/E026/HVC082423.mat] does not exist!

[2015/03/20 12:00:04] File [/net/per610a/export/das11f/plsang/trecvidmed14/feature/eduardo.idensetraj/idensetraj.hoghofmbh.cb256.fc.pca128.edu.v1/LDC2012E01/events/E030/HVC242860.mat] does not exist!

[2015/03/20 12:00:05] File [/net/per610a/export/das11f/plsang/trecvidmed14/feature/eduardo.idensetraj/idensetraj.hoghofmbh.cb256.fc.pca128.edu.v1/LDC2012E01/events/E027/HVC239730.mat] does not exist!

[2015/03/20 12:00:05] File [/net/per610a/export/das11f/plsang/trecvidmed14/feature/eduardo.idensetraj/idensetraj.hoghofmbh.cb256.fc.pca128.edu.v1/LDC2012E01/events/E023/HVC239717.mat] does not exist!

[2015/03/20 12:00:06] File [/net/per610a/export/das11f/plsang/trecvidmed14/feature/eduardo.idensetraj/idensetraj.hoghofmbh.cb256.fc.pca128.edu.v1/LDC2012E01/events/E026/HVC072995.mat] does not exist!

[2015/03/20 12:00:06] File [/net/per610a/export/das11f/plsang/trecvidmed14/feature/eduardo.idensetraj/idensetraj.hoghofmbh.cb256.fc.pca128.edu.v1/LDC2012E01/events/E022/HVC071662.mat] does not exist!

[2015/03/20 12:00:07] File [/net/per610a/export/das11f/plsang/trecvidmed14/feature/eduardo.idensetraj/idensetraj.hoghofmbh.cb256.fc.pca128.edu.v1/LDC2012E01/events/E029/HVC232514.mat] does not exist!

[2015/03/20 12:00:08] File [/net/per610a/export/das11f/plsang/trecvidmed14/feature/eduardo.idensetraj/idensetraj.hoghofmbh.cb256.fc.pca128.edu.v1/LDC2012E01/events/E023/HVC228869.mat] does not exist!

[2015/03/20 12:00:08] File [/net/per610a/export/das11f/plsang/trecvidmed14/feature/eduardo.idensetraj/idensetraj.hoghofmbh.cb256.fc.pca128.edu.v1/LDC2012E01/events/E023/HVC228378.mat] does not exist!

[2015/03/20 12:00:08] File [/net/per610a/export/das11f/plsang/trecvidmed14/feature/eduardo.idensetraj/idensetraj.hoghofmbh.cb256.fc.pca128.edu.v1/LDC2012E01/events/E022/HVC227431.mat] does not exist!

[2015/03/20 12:00:08] File [/net/per610a/export/das11f/plsang/trecvidmed14/feature/eduardo.idensetraj/idensetraj.hoghofmbh.cb256.fc.pca128.edu.v1/LDC2012E01/events/E027/HVC226479.mat] does not exist!

[2015/03/20 12:00:09] File [/net/per610a/export/das11f/plsang/trecvidmed14/feature/eduardo.idensetraj/idensetraj.hoghofmbh.cb256.fc.pca128.edu.v1/LDC2012E01/events/E021/HVC225216.mat] does not exist!

[2015/03/20 12:00:09] File [/net/per610a/export/das11f/plsang/trecvidmed14/feature/eduardo.idensetraj/idensetraj.hoghofmbh.cb256.fc.pca128.edu.v1/LDC2012E01/events/E021/HVC225054.mat] does not exist!

[2015/03/20 12:00:09] File [/net/per610a/export/das11f/plsang/trecvidmed14/feature/eduardo.idensetraj/idensetraj.hoghofmbh.cb256.fc.pca128.edu.v1/LDC2012E01/events/E028/HVC222257.mat] does not exist!

[2015/03/20 12:00:11] File [/net/per610a/export/das11f/plsang/trecvidmed14/feature/eduardo.idensetraj/idensetraj.hoghofmbh.cb256.fc.pca128.edu.v1/LDC2012E01/events/E024/HVC214379.mat] does not exist!

[2015/03/20 12:00:11] File [/net/per610a/export/das11f/plsang/trecvidmed14/feature/eduardo.idensetraj/idensetraj.hoghofmbh.cb256.fc.pca128.edu.v1/LDC2012E01/events/E021/HVC213503.mat] does not exist!

[2015/03/20 12:00:11] File [/net/per610a/export/das11f/plsang/trecvidmed14/feature/eduardo.idensetraj/idensetraj.hoghofmbh.cb256.fc.pca128.edu.v1/LDC2012E01/events/E021/HVC213415.mat] does not exist!

[2015/03/20 12:00:11] File [/net/per610a/export/das11f/plsang/trecvidmed14/feature/eduardo.idensetraj/idensetraj.hoghofmbh.cb256.fc.pca128.edu.v1/LDC2012E01/events/E025/HVC210640.mat] does not exist!

[2015/03/20 12:00:12] File [/net/per610a/export/das11f/plsang/trecvidmed14/feature/eduardo.idensetraj/idensetraj.hoghofmbh.cb256.fc.pca128.edu.v1/LDC2012E01/events/E024/HVC210633.mat] does not exist!

[2015/03/20 12:00:12] File [/net/per610a/export/das11f/plsang/trecvidmed14/feature/eduardo.idensetraj/idensetraj.hoghofmbh.cb256.fc.pca128.edu.v1/LDC2012E01/events/E030/HVC052129.mat] does not exist!

[2015/03/20 12:00:12] Feature contains NaN [/net/per610a/export/das11f/plsang/trecvidmed14/feature/eduardo.idensetraj/idensetraj.hoghofmbh.cb256.fc.pca128.edu.v1/LDC2011E41/MED11EvaluationData/video/MED11TEST/HVC052024.mat]
[2015/03/20 12:00:13] File [/net/per610a/export/das11f/plsang/trecvidmed14/feature/eduardo.idensetraj/idensetraj.hoghofmbh.cb256.fc.pca128.edu.v1/LDC2012E01/events/E025/HVC202175.mat] does not exist!

[2015/03/20 12:00:13] File [/net/per610a/export/das11f/plsang/trecvidmed14/feature/eduardo.idensetraj/idensetraj.hoghofmbh.cb256.fc.pca128.edu.v1/LDC2012E01/events/E028/HVC202139.mat] does not exist!

[2015/03/20 12:00:13] File [/net/per610a/export/das11f/plsang/trecvidmed14/feature/eduardo.idensetraj/idensetraj.hoghofmbh.cb256.fc.pca128.edu.v1/LDC2012E108/events/E018/HVC202008.mat] does not exist!

[2015/03/20 12:00:14] File [/net/per610a/export/das11f/plsang/trecvidmed14/feature/eduardo.idensetraj/idensetraj.hoghofmbh.cb256.fc.pca128.edu.v1/LDC2012E108/events/E019/HVC198794.mat] does not exist!

[2015/03/20 12:00:14] File [/net/per610a/export/das11f/plsang/trecvidmed14/feature/eduardo.idensetraj/idensetraj.hoghofmbh.cb256.fc.pca128.edu.v1/LDC2012E108/events/E018/HVC197135.mat] does not exist!

[2015/03/20 12:00:14] File [/net/per610a/export/das11f/plsang/trecvidmed14/feature/eduardo.idensetraj/idensetraj.hoghofmbh.cb256.fc.pca128.edu.v1/LDC2012E01/events/E027/HVC194716.mat] does not exist!

[2015/03/20 12:00:15] File [/net/per610a/export/das11f/plsang/trecvidmed14/feature/eduardo.idensetraj/idensetraj.hoghofmbh.cb256.fc.pca128.edu.v1/LDC2012E01/events/E030/HVC187217.mat] does not exist!

[2015/03/20 12:00:16] File [/net/per610a/export/das11f/plsang/trecvidmed14/feature/eduardo.idensetraj/idensetraj.hoghofmbh.cb256.fc.pca128.edu.v1/LDC2012E01/events/E024/HVC037316.mat] does not exist!

[2015/03/20 12:00:19] File [/net/per610a/export/das11f/plsang/trecvidmed14/feature/eduardo.idensetraj/idensetraj.hoghofmbh.cb256.fc.pca128.edu.v1/LDC2012E01/events/E029/HVC160843.mat] does not exist!

[2015/03/20 12:00:20] File [/net/per610a/export/das11f/plsang/trecvidmed14/feature/eduardo.idensetraj/idensetraj.hoghofmbh.cb256.fc.pca128.edu.v1/LDC2012E01/events/E030/HVC150898.mat] does not exist!

[2015/03/20 12:00:21] File [/net/per610a/export/das11f/plsang/trecvidmed14/feature/eduardo.idensetraj/idensetraj.hoghofmbh.cb256.fc.pca128.edu.v1/LDC2012E01/events/E021/HVC147696.mat] does not exist!

[2015/03/20 12:00:21] File [/net/per610a/export/das11f/plsang/trecvidmed14/feature/eduardo.idensetraj/idensetraj.hoghofmbh.cb256.fc.pca128.edu.v1/LDC2012E01/events/E021/HVC143960.mat] does not exist!

[2015/03/20 12:00:22] File [/net/per610a/export/das11f/plsang/trecvidmed14/feature/eduardo.idensetraj/idensetraj.hoghofmbh.cb256.fc.pca128.edu.v1/LDC2012E01/events/E021/HVC143391.mat] does not exist!

[2015/03/20 12:00:22] File [/net/per610a/export/das11f/plsang/trecvidmed14/feature/eduardo.idensetraj/idensetraj.hoghofmbh.cb256.fc.pca128.edu.v1/LDC2012E01/events/E023/HVC142466.mat] does not exist!

[2015/03/20 12:00:23] File [/net/per610a/export/das11f/plsang/trecvidmed14/feature/eduardo.idensetraj/idensetraj.hoghofmbh.cb256.fc.pca128.edu.v1/LDC2012E01/events/E030/HVC136883.mat] does not exist!

[2015/03/20 12:00:27] File [/net/per610a/export/das11f/plsang/trecvidmed14/feature/eduardo.idensetraj/idensetraj.hoghofmbh.cb256.fc.pca128.edu.v1/LDC2012E01/events/E021/HVC111858.mat] does not exist!

[2015/03/20 12:00:28] File [/net/per610a/export/das11f/plsang/trecvidmed14/feature/eduardo.idensetraj/idensetraj.hoghofmbh.cb256.fc.pca128.edu.v1/LDC2012E01/events/E022/HVC103036.mat] does not exist!

[2015/03/20 12:00:30] Finish running calker_load_traindata(trecvidmed14, trecvidmed14-eduardo.idensetraj, 00:01:55). Elapsed time: 
[2015/03/20 12:00:31] File [/net/per610a/export/das11f/plsang/trecvidmed14/feature/eduardo.idensetraj/idensetraj.hoghofmbh.cb256.fc.pca128.edu.v1/LDC2012E01/events/E026/HVC085775.mat] does not exist!

[2015/03/20 12:00:31] File [/net/per610a/export/das11f/plsang/trecvidmed14/feature/eduardo.idensetraj/idensetraj.hoghofmbh.cb256.fc.pca128.edu.v1/LDC2012E01/events/E026/HVC082423.mat] does not exist!

[2015/03/20 12:00:32] File [/net/per610a/export/das11f/plsang/trecvidmed14/feature/eduardo.idensetraj/idensetraj.hoghofmbh.cb256.fc.pca128.edu.v1/LDC2012E01/events/E026/HVC072995.mat] does not exist!

[2015/03/20 12:00:32] File [/net/per610a/export/das11f/plsang/trecvidmed14/feature/eduardo.idensetraj/idensetraj.hoghofmbh.cb256.fc.pca128.edu.v1/LDC2012E01/events/E022/HVC071662.mat] does not exist!

[2015/03/20 12:00:36] File [/net/per610a/export/das11f/plsang/trecvidmed14/feature/eduardo.idensetraj/idensetraj.hoghofmbh.cb256.fc.pca128.edu.v1/LDC2012E01/events/E030/HVC052129.mat] does not exist!

[2015/03/20 12:00:36] Feature contains NaN [/net/per610a/export/das11f/plsang/trecvidmed14/feature/eduardo.idensetraj/idensetraj.hoghofmbh.cb256.fc.pca128.edu.v1/LDC2011E41/MED11EvaluationData/video/MED11TEST/HVC052024.mat]
[2015/03/20 12:00:39] File [/net/per610a/export/das11f/plsang/trecvidmed14/feature/eduardo.idensetraj/idensetraj.hoghofmbh.cb256.fc.pca128.edu.v1/LDC2012E01/events/E024/HVC037316.mat] does not exist!

[2015/03/20 12:00:48] Finish running calker_load_traindata(trecvidmed14, trecvidmed14-eduardo.idensetraj, 00:01:35). Elapsed time: 
